This is XeTeX, Version 3.141592653-2.6-0.999993 (TeX Live 2021/W32TeX) (preloaded format=xelatex 2021.11.6)  14 APR 2022 15:47
entering extended mode
 restricted \write18 enabled.
 file:line:error style messages enabled.
 %&-line parsing enabled.
**x:/projects/HDU-Master-Thesis-Latex/demo
(x:/projects/HDU-Master-Thesis-Latex/demo.tex
LaTeX2e <2020-10-01> patch level 4
L3 programming layer <2021-02-18> (./template/hdu_master_thesis.cls

LaTeX Warning: You have requested document class `template/hdu_master_thesis',
               but the document class provides `hdu_master_thesis'.

Document Class: hdu_master_thesis 
(x:/texlive/2021/texmf-dist/tex/latex/ctex/ctexbook.cls (x:/texlive/2021/texmf-dist/tex/latex/ctex/config/ctexbackend.cfg
File: ctexbackend.cfg 2021/03/14 v2.5.6 Backend configuration file (CTEX)
) (x:/texlive/2021/texmf-dist/tex/latex/l3kernel/expl3.sty
Package: expl3 2021-02-18 L3 programming layer (loader) 
 (x:/texlive/2021/texmf-dist/tex/latex/l3backend/l3backend-xetex.def
File: l3backend-xetex.def 2021-03-18 L3 backend support: XeTeX
 (|extractbb --version)
\c__kernel_sys_dvipdfmx_version_int=\count175
\l__color_backend_stack_int=\count176
\g__color_backend_stack_int=\count177
\g__graphics_track_int=\count178
\l__pdf_internal_box=\box47
\g__pdf_backend_object_int=\count179
\g__pdf_backend_annotation_int=\count180
\g__pdf_backend_link_int=\count181
))
Document Class: ctexbook 2021/03/14 v2.5.6 Chinese adapter for class book (CTEX)
(x:/texlive/2021/texmf-dist/tex/latex/l3packages/xparse/xparse.sty (x:/texlive/2021/texmf-dist/tex/latex/l3packages/xparse/xparse-2020-10-01.sty (x:/texlive/2021/texmf-dist/tex/latex/l3packages/xparse/xparse-generic.tex))) (x:/texlive/2021/texmf-dist/tex/latex/l3packages/l3keys2e/l3keys2e.sty
Package: l3keys2e 2021-03-12 LaTeX2e option processing using LaTeX3 keys
) (x:/texlive/2021/texmf-dist/tex/latex/ctex/ctexhook.sty
Package: ctexhook 2021/03/14 v2.5.6 Document and package hooks (CTEX)
) (x:/texlive/2021/texmf-dist/tex/latex/ctex/ctexpatch.sty
Package: ctexpatch 2021/03/14 v2.5.6 Patching commands (CTEX)
) (x:/texlive/2021/texmf-dist/tex/latex/base/fix-cm.sty
Package: fix-cm 2015/01/14 v1.1t fixes to LaTeX
 (x:/texlive/2021/texmf-dist/tex/latex/base/ts1enc.def
File: ts1enc.def 2001/06/05 v3.0e (jk/car/fm) Standard LaTeX file
LaTeX Font Info:    Redeclaring font encoding TS1 on input line 47.
)) (x:/texlive/2021/texmf-dist/tex/latex/everysel/everysel.sty
Package: everysel 2021/01/20 v2.1 EverySelectfont Package (MS)
 (x:/texlive/2021/texmf-dist/tex/latex/everysel/everysel-2011-10-28.sty))
\l__ctex_tmp_int=\count182
\l__ctex_tmp_box=\box48
\l__ctex_tmp_dim=\dimen138
\g__ctex_section_depth_int=\count183
\g__ctex_font_size_int=\count184
 (x:/texlive/2021/texmf-dist/tex/latex/ctex/config/ctexopts.cfg
File: ctexopts.cfg 2021/03/14 v2.5.6 Option configuration file (CTEX)
) (x:/texlive/2021/texmf-dist/tex/latex/base/book.cls
Document Class: book 2020/04/10 v1.4m Standard LaTeX document class
(x:/texlive/2021/texmf-dist/tex/latex/base/bk12.clo
File: bk12.clo 2020/04/10 v1.4m Standard LaTeX file (size option)
)
\c@part=\count185
\c@chapter=\count186
\c@section=\count187
\c@subsection=\count188
\c@subsubsection=\count189
\c@paragraph=\count190
\c@subparagraph=\count191
\c@figure=\count192
\c@table=\count193
\abovecaptionskip=\skip47
\belowcaptionskip=\skip48
\bibindent=\dimen139
) (x:/texlive/2021/texmf-dist/tex/latex/ctex/engine/ctex-engine-xetex.def
File: ctex-engine-xetex.def 2021/03/14 v2.5.6 XeLaTeX adapter (CTEX)
 (x:/texlive/2021/texmf-dist/tex/xelatex/xecjk/xeCJK.sty
Package: xeCJK 2020/10/19 v3.8.6 Typesetting CJK scripts with XeLaTeX
 (x:/texlive/2021/texmf-dist/tex/latex/l3packages/xtemplate/xtemplate.sty
Package: xtemplate 2021-03-12 L3 Experimental prototype document functions
\l__xtemplate_tmp_dim=\dimen140
\l__xtemplate_tmp_int=\count194
\l__xtemplate_tmp_muskip=\muskip16
\l__xtemplate_tmp_skip=\skip49
)
\l__xeCJK_tmp_int=\count195
\l__xeCJK_tmp_box=\box49
\l__xeCJK_tmp_dim=\dimen141
\l__xeCJK_tmp_skip=\skip50
\g__xeCJK_space_factor_int=\count196
\l__xeCJK_begin_int=\count197
\l__xeCJK_end_int=\count198
\c__xeCJK_CJK_class_int=\XeTeXcharclass1
\c__xeCJK_FullLeft_class_int=\XeTeXcharclass2
\c__xeCJK_FullRight_class_int=\XeTeXcharclass3
\c__xeCJK_HalfLeft_class_int=\XeTeXcharclass4
\c__xeCJK_HalfRight_class_int=\XeTeXcharclass5
\c__xeCJK_NormalSpace_class_int=\XeTeXcharclass6
\c__xeCJK_CM_class_int=\XeTeXcharclass7
\c__xeCJK_HangulJamo_class_int=\XeTeXcharclass8
\l__xeCJK_last_skip=\skip51
\g__xeCJK_node_int=\count199
\c__xeCJK_CJK_node_dim=\dimen142
\c__xeCJK_CJK-space_node_dim=\dimen143
\c__xeCJK_default_node_dim=\dimen144
\c__xeCJK_default-space_node_dim=\dimen145
\c__xeCJK_CJK-widow_node_dim=\dimen146
\c__xeCJK_normalspace_node_dim=\dimen147
\l__xeCJK_ccglue_skip=\skip52
\l__xeCJK_ecglue_skip=\skip53
\l__xeCJK_punct_kern_skip=\skip54
\l__xeCJK_last_penalty_int=\count266
\l__xeCJK_last_bound_dim=\dimen148
\l__xeCJK_last_kern_dim=\dimen149
\l__xeCJK_widow_penalty_int=\count267

Package xtemplate Info: Declaring object type 'xeCJK/punctuation' taking 0
(xtemplate)             argument(s) on line 2341.

\l__xeCJK_fixed_punct_width_dim=\dimen150
\l__xeCJK_mixed_punct_width_dim=\dimen151
\l__xeCJK_middle_punct_width_dim=\dimen152
\l__xeCJK_fixed_margin_width_dim=\dimen153
\l__xeCJK_mixed_margin_width_dim=\dimen154
\l__xeCJK_middle_margin_width_dim=\dimen155
\l__xeCJK_bound_punct_width_dim=\dimen156
\l__xeCJK_bound_margin_width_dim=\dimen157
\l__xeCJK_margin_minimum_dim=\dimen158
\l__xeCJK_kerning_total_width_dim=\dimen159
\l__xeCJK_same_align_margin_dim=\dimen160
\l__xeCJK_different_align_margin_dim=\dimen161
\l__xeCJK_kerning_margin_width_dim=\dimen162
\l__xeCJK_kerning_margin_minimum_dim=\dimen163
\l__xeCJK_bound_dim=\dimen164
\l__xeCJK_reverse_bound_dim=\dimen165
\l__xeCJK_margin_dim=\dimen166
\l__xeCJK_minimum_bound_dim=\dimen167
\l__xeCJK_kerning_margin_dim=\dimen168
\g__xeCJK_family_int=\count268
\l__xeCJK_fam_int=\count269
\g__xeCJK_fam_allocation_int=\count270
\l__xeCJK_verb_case_int=\count271
\l__xeCJK_verb_exspace_skip=\skip55
 (x:/texlive/2021/texmf-dist/tex/latex/fontspec/fontspec.sty
Package: fontspec 2020/02/21 v2.7i Font selection for XeLaTeX and LuaLaTeX
 (x:/texlive/2021/texmf-dist/tex/latex/fontspec/fontspec-xetex.sty
Package: fontspec-xetex 2020/02/21 v2.7i Font selection for XeLaTeX and LuaLaTeX
\l__fontspec_script_int=\count272
\l__fontspec_language_int=\count273
\l__fontspec_strnum_int=\count274
\l__fontspec_tmp_int=\count275
\l__fontspec_tmpa_int=\count276
\l__fontspec_tmpb_int=\count277
\l__fontspec_tmpc_int=\count278
\l__fontspec_em_int=\count279
\l__fontspec_emdef_int=\count280
\l__fontspec_strong_int=\count281
\l__fontspec_strongdef_int=\count282
\l__fontspec_tmpa_dim=\dimen169
\l__fontspec_tmpb_dim=\dimen170
\l__fontspec_tmpc_dim=\dimen171
 (x:/texlive/2021/texmf-dist/tex/latex/base/fontenc.sty
Package: fontenc 2020/08/10 v2.0s Standard LaTeX package
) (x:/texlive/2021/texmf-dist/tex/latex/fontspec/fontspec.cfg))) (x:/texlive/2021/texmf-dist/tex/xelatex/xecjk/xeCJK.cfg
File: xeCJK.cfg 2020/10/19 v3.8.6 Configuration file for xeCJK package
))
\ccwd=\dimen172
\l__ctex_ccglue_skip=\skip56
)
\l__ctex_ziju_dim=\dimen173
 (x:/texlive/2021/texmf-dist/tex/latex/zhnumber/zhnumber.sty
Package: zhnumber 2020/05/01 v2.8 Typesetting numbers with Chinese glyphs
\l__zhnum_scale_int=\count283
 (x:/texlive/2021/texmf-dist/tex/latex/zhnumber/zhnumber-utf8.cfg
File: zhnumber-utf8.cfg 2020/05/01 v2.8 Chinese numerals with UTF8 encoding
))
\l__ctex_heading_skip=\skip57
 (x:/texlive/2021/texmf-dist/tex/latex/ctex/scheme/ctex-scheme-chinese-book.def
File: ctex-scheme-chinese-book.def 2021/03/14 v2.5.6 Chinese scheme for book (CTEX)
 (x:/texlive/2021/texmf-dist/tex/latex/ctex/config/ctex-name-utf8.cfg
File: ctex-name-utf8.cfg 2021/03/14 v2.5.6 Caption with encoding UTF-8 (CTEX)
)) (x:/texlive/2021/texmf-dist/tex/latex/ctex/ctex-cs4size.clo
File: ctex-cs4size.clo 2021/03/14 v2.5.6 cs4size option (CTEX)
)) (x:/texlive/2021/texmf-dist/tex/latex/ctex/config/ctex.cfg
File: ctex.cfg 2021/03/14 v2.5.6 Configuration file (CTEX)
) (x:/texlive/2021/texmf-dist/tex/latex/tools/calc.sty
Package: calc 2017/05/25 v4.3 Infix arithmetic (KKT,FJ)
\calc@Acount=\count284
\calc@Bcount=\count285
\calc@Adimen=\dimen174
\calc@Bdimen=\dimen175
\calc@Askip=\skip58
\calc@Bskip=\skip59
LaTeX Info: Redefining \setlength on input line 80.
LaTeX Info: Redefining \addtolength on input line 81.
\calc@Ccount=\count286
\calc@Cskip=\skip60
) (x:/texlive/2021/texmf-dist/tex/latex/amsmath/amsmath.sty
Package: amsmath 2020/09/23 v2.17i AMS math features
\@mathmargin=\skip61

For additional information on amsmath, use the `?' option.
(x:/texlive/2021/texmf-dist/tex/latex/amsmath/amstext.sty
Package: amstext 2000/06/29 v2.01 AMS text
 (x:/texlive/2021/texmf-dist/tex/latex/amsmath/amsgen.sty
File: amsgen.sty 1999/11/30 v2.0 generic functions
\@emptytoks=\toks15
\ex@=\dimen176
)) (x:/texlive/2021/texmf-dist/tex/latex/amsmath/amsbsy.sty
Package: amsbsy 1999/11/29 v1.2d Bold Symbols
\pmbraise@=\dimen177
) (x:/texlive/2021/texmf-dist/tex/latex/amsmath/amsopn.sty
Package: amsopn 2016/03/08 v2.02 operator names
)
\inf@bad=\count287
LaTeX Info: Redefining \frac on input line 234.
\uproot@=\count288
\leftroot@=\count289
LaTeX Info: Redefining \overline on input line 399.
\classnum@=\count290
\DOTSCASE@=\count291
LaTeX Info: Redefining \ldots on input line 496.
LaTeX Info: Redefining \dots on input line 499.
LaTeX Info: Redefining \cdots on input line 620.
\Mathstrutbox@=\box50
\strutbox@=\box51
\big@size=\dimen178
LaTeX Font Info:    Redeclaring font encoding OML on input line 743.
LaTeX Font Info:    Redeclaring font encoding OMS on input line 744.
\macc@depth=\count292
\c@MaxMatrixCols=\count293
\dotsspace@=\muskip17
\c@parentequation=\count294
\dspbrk@lvl=\count295
\tag@help=\toks16
\row@=\count296
\column@=\count297
\maxfields@=\count298
\andhelp@=\toks17
\eqnshift@=\dimen179
\alignsep@=\dimen180
\tagshift@=\dimen181
\tagwidth@=\dimen182
\totwidth@=\dimen183
\lineht@=\dimen184
\@envbody=\toks18
\multlinegap=\skip62
\multlinetaggap=\skip63
\mathdisplay@stack=\toks19
LaTeX Info: Redefining \[ on input line 2923.
LaTeX Info: Redefining \] on input line 2924.
) (x:/texlive/2021/texmf-dist/tex/latex/amsfonts/amssymb.sty
Package: amssymb 2013/01/14 v3.01 AMS font symbols
 (x:/texlive/2021/texmf-dist/tex/latex/amsfonts/amsfonts.sty
Package: amsfonts 2013/01/14 v3.01 Basic AMSFonts support
\symAMSa=\mathgroup4
\symAMSb=\mathgroup5
LaTeX Font Info:    Redeclaring math symbol \hbar on input line 98.
LaTeX Font Info:    Overwriting math alphabet `\mathfrak' in version `bold'
(Font)                  U/euf/m/n --> U/euf/b/n on input line 106.
)) (x:/texlive/2021/texmf-dist/tex/latex/geometry/geometry.sty
Package: geometry 2020/01/02 v5.9 Page Geometry
 (x:/texlive/2021/texmf-dist/tex/latex/graphics/keyval.sty
Package: keyval 2014/10/28 v1.15 key=value parser (DPC)
\KV@toks@=\toks20
) (x:/texlive/2021/texmf-dist/tex/generic/iftex/ifvtex.sty
Package: ifvtex 2019/10/25 v1.7 ifvtex legacy package. Use iftex instead.
 (x:/texlive/2021/texmf-dist/tex/generic/iftex/iftex.sty
Package: iftex 2020/03/06 v1.0d TeX engine tests
))
\Gm@cnth=\count299
\Gm@cntv=\count300
\c@Gm@tempcnt=\count301
\Gm@bindingoffset=\dimen185
\Gm@wd@mp=\dimen186
\Gm@odd@mp=\dimen187
\Gm@even@mp=\dimen188
\Gm@layoutwidth=\dimen189
\Gm@layoutheight=\dimen190
\Gm@layouthoffset=\dimen191
\Gm@layoutvoffset=\dimen192
\Gm@dimlist=\toks21
) (x:/texlive/2021/texmf-dist/tex/latex/tools/bm.sty
Package: bm 2019/07/24 v1.2d Bold Symbol Support (DPC/FMi)
\symboldoperators=\mathgroup6
\symboldletters=\mathgroup7
\symboldsymbols=\mathgroup8
LaTeX Font Info:    Redeclaring math alphabet \mathbf on input line 141.
LaTeX Info: Redefining \bm on input line 209.
) (x:/texlive/2021/texmf-dist/tex/latex/cases/cases.sty
Package: cases 2020/03/29 ver 3.2
\numc@numwid=\dimen193
) (x:/texlive/2021/texmf-dist/tex/latex/psnfss/pifont.sty
Package: pifont 2020/03/25 PSNFSS-v9.3 Pi font support (SPQR) 
LaTeX Font Info:    Trying to load font information for U+pzd on input line 63.
 (x:/texlive/2021/texmf-dist/tex/latex/psnfss/upzd.fd
File: upzd.fd 2001/06/04 font definitions for U/pzd.
)
LaTeX Font Info:    Trying to load font information for U+psy on input line 64.
 (x:/texlive/2021/texmf-dist/tex/latex/psnfss/upsy.fd
File: upsy.fd 2001/06/04 font definitions for U/psy.
)) (x:/texlive/2021/texmf-dist/tex/latex/graphics/graphicx.sty
Package: graphicx 2020/09/09 v1.2b Enhanced LaTeX Graphics (DPC,SPQR)
 (x:/texlive/2021/texmf-dist/tex/latex/graphics/graphics.sty
Package: graphics 2020/08/30 v1.4c Standard LaTeX Graphics (DPC,SPQR)
 (x:/texlive/2021/texmf-dist/tex/latex/graphics/trig.sty
Package: trig 2016/01/03 v1.10 sin cos tan (DPC)
) (x:/texlive/2021/texmf-dist/tex/latex/graphics-cfg/graphics.cfg
File: graphics.cfg 2016/06/04 v1.11 sample graphics configuration
)
Package graphics Info: Driver file: xetex.def on input line 105.
 (x:/texlive/2021/texmf-dist/tex/latex/graphics-def/xetex.def
File: xetex.def 2021/03/18 v5.0k Graphics/color driver for xetex
))
\Gin@req@height=\dimen194
\Gin@req@width=\dimen195
) (x:/texlive/2021/texmf-dist/tex/latex/caption/caption.sty
Package: caption 2020/10/26 v3.5g Customizing captions (AR)
 (x:/texlive/2021/texmf-dist/tex/latex/caption/caption3.sty
Package: caption3 2020/10/21 v2.2e caption3 kernel (AR)
\captionmargin=\dimen196
\captionmargin@=\dimen197
\captionwidth=\dimen198
\caption@tempdima=\dimen199
\caption@indent=\dimen256
\caption@parindent=\dimen257
\caption@hangindent=\dimen258
Package caption Info: Standard document class detected.
)
\c@caption@flags=\count302
\c@continuedfloat=\count303
) (x:/texlive/2021/texmf-dist/tex/latex/caption/subcaption.sty
Package: subcaption 2020/10/07 v1.3j Sub-captions (AR)
\c@subfigure=\count304
\c@subtable=\count305
) (x:/texlive/2021/texmf-dist/tex/latex/tools/longtable.sty
Package: longtable 2020/01/07 v4.13 Multi-page Table package (DPC)
\LTleft=\skip64
\LTright=\skip65
\LTpre=\skip66
\LTpost=\skip67
\LTchunksize=\count306
\LTcapwidth=\dimen259
\LT@head=\box52
\LT@firsthead=\box53
\LT@foot=\box54
\LT@lastfoot=\box55
\LT@cols=\count307
\LT@rows=\count308
\c@LT@tables=\count309
\c@LT@chunks=\count310
\LT@p@ftn=\toks22
) (x:/texlive/2021/texmf-dist/tex/latex/tools/enumerate.sty
Package: enumerate 2015/07/23 v3.00 enumerate extensions (DPC)
\@enLab=\toks23
) (x:/texlive/2021/texmf-dist/tex/latex/multirow/bigstrut.sty
Package: bigstrut 2021/03/15 v2.8 Provide larger struts in tabulars
\bigstrutjot=\dimen260
) (x:/texlive/2021/texmf-dist/tex/latex/booktabs/booktabs.sty
Package: booktabs 2020/01/12 v1.61803398 Publication quality tables
\heavyrulewidth=\dimen261
\lightrulewidth=\dimen262
\cmidrulewidth=\dimen263
\belowrulesep=\dimen264
\belowbottomsep=\dimen265
\aboverulesep=\dimen266
\abovetopsep=\dimen267
\cmidrulesep=\dimen268
\cmidrulekern=\dimen269
\defaultaddspace=\dimen270
\@cmidla=\count311
\@cmidlb=\count312
\@aboverulesep=\dimen271
\@belowrulesep=\dimen272
\@thisruleclass=\count313
\@lastruleclass=\count314
\@thisrulewidth=\dimen273
) (x:/texlive/2021/texmf-dist/tex/latex/multirow/multirow.sty
Package: multirow 2021/03/15 v2.8 Span multiple rows of a table
\multirow@colwidth=\skip68
\multirow@cntb=\count315
\multirow@dima=\skip69
) (x:/texlive/2021/texmf-dist/tex/latex/bookmark/bookmark.sty
Package: bookmark 2020-11-06 v1.29 PDF bookmarks (HO)
 (x:/texlive/2021/texmf-dist/tex/latex/hyperref/hyperref.sty
Package: hyperref 2021-02-27 v7.00k Hypertext links for LaTeX
 (x:/texlive/2021/texmf-dist/tex/generic/ltxcmds/ltxcmds.sty
Package: ltxcmds 2020-05-10 v1.25 LaTeX kernel commands for general use (HO)
) (x:/texlive/2021/texmf-dist/tex/generic/pdftexcmds/pdftexcmds.sty
Package: pdftexcmds 2020-06-27 v0.33 Utility functions of pdfTeX for LuaTeX (HO)
 (x:/texlive/2021/texmf-dist/tex/generic/infwarerr/infwarerr.sty
Package: infwarerr 2019/12/03 v1.5 Providing info/warning/error messages (HO)
)
Package pdftexcmds Info: \pdf@primitive is available.
Package pdftexcmds Info: \pdf@ifprimitive is available.
Package pdftexcmds Info: \pdfdraftmode not found.
) (x:/texlive/2021/texmf-dist/tex/generic/kvsetkeys/kvsetkeys.sty
Package: kvsetkeys 2019/12/15 v1.18 Key value parser (HO)
) (x:/texlive/2021/texmf-dist/tex/generic/kvdefinekeys/kvdefinekeys.sty
Package: kvdefinekeys 2019-12-19 v1.6 Define keys (HO)
) (x:/texlive/2021/texmf-dist/tex/generic/pdfescape/pdfescape.sty
Package: pdfescape 2019/12/09 v1.15 Implements pdfTeX's escape features (HO)
) (x:/texlive/2021/texmf-dist/tex/latex/hycolor/hycolor.sty
Package: hycolor 2020-01-27 v1.10 Color options for hyperref/bookmark (HO)
) (x:/texlive/2021/texmf-dist/tex/latex/letltxmacro/letltxmacro.sty
Package: letltxmacro 2019/12/03 v1.6 Let assignment for LaTeX macros (HO)
) (x:/texlive/2021/texmf-dist/tex/latex/auxhook/auxhook.sty
Package: auxhook 2019-12-17 v1.6 Hooks for auxiliary files (HO)
) (x:/texlive/2021/texmf-dist/tex/latex/kvoptions/kvoptions.sty
Package: kvoptions 2020-10-07 v3.14 Key value format for package options (HO)
)
\@linkdim=\dimen274
\Hy@linkcounter=\count316
\Hy@pagecounter=\count317
 (x:/texlive/2021/texmf-dist/tex/latex/hyperref/pd1enc.def
File: pd1enc.def 2021-02-27 v7.00k Hyperref: PDFDocEncoding definition (HO)
) (x:/texlive/2021/texmf-dist/tex/latex/hyperref/hyperref-langpatches.def
File: hyperref-langpatches.def 2021-02-27 v7.00k Hyperref: patches for babel languages
) (x:/texlive/2021/texmf-dist/tex/generic/intcalc/intcalc.sty
Package: intcalc 2019/12/15 v1.3 Expandable calculations with integers (HO)
) (x:/texlive/2021/texmf-dist/tex/generic/etexcmds/etexcmds.sty
Package: etexcmds 2019/12/15 v1.7 Avoid name clashes with e-TeX commands (HO)
)
\Hy@SavedSpaceFactor=\count318
 (x:/texlive/2021/texmf-dist/tex/latex/hyperref/puenc.def
File: puenc.def 2021-02-27 v7.00k Hyperref: PDF Unicode definition (HO)
)
Package hyperref Info: Option `unicode' set `true' on input line 4073.
Package hyperref Info: Hyper figures OFF on input line 4192.
Package hyperref Info: Link nesting OFF on input line 4197.
Package hyperref Info: Hyper index ON on input line 4200.
Package hyperref Info: Plain pages OFF on input line 4207.
Package hyperref Info: Backreferencing OFF on input line 4212.
Package hyperref Info: Implicit mode ON; LaTeX internals redefined.
Package hyperref Info: Bookmarks ON on input line 4445.
\c@Hy@tempcnt=\count319
 (x:/texlive/2021/texmf-dist/tex/latex/url/url.sty
\Urlmuskip=\muskip18
Package: url 2013/09/16  ver 3.4  Verb mode for urls, etc.
)
LaTeX Info: Redefining \url on input line 4804.
\XeTeXLinkMargin=\dimen275
 (x:/texlive/2021/texmf-dist/tex/generic/bitset/bitset.sty
Package: bitset 2019/12/09 v1.3 Handle bit-vector datatype (HO)
 (x:/texlive/2021/texmf-dist/tex/generic/bigintcalc/bigintcalc.sty
Package: bigintcalc 2019/12/15 v1.5 Expandable calculations on big integers (HO)
))
\Fld@menulength=\count320
\Field@Width=\dimen276
\Fld@charsize=\dimen277
Package hyperref Info: Hyper figures OFF on input line 6075.
Package hyperref Info: Link nesting OFF on input line 6080.
Package hyperref Info: Hyper index ON on input line 6083.
Package hyperref Info: backreferencing OFF on input line 6090.
Package hyperref Info: Link coloring OFF on input line 6095.
Package hyperref Info: Link coloring with OCG OFF on input line 6100.
Package hyperref Info: PDF/A mode OFF on input line 6105.
LaTeX Info: Redefining \ref on input line 6145.
LaTeX Info: Redefining \pageref on input line 6149.
 (x:/texlive/2021/texmf-dist/tex/latex/base/atbegshi-ltx.sty
Package: atbegshi-ltx 2020/08/17 v1.0a Emulation of the original atbegshi package
with kernel methods
)
\Hy@abspage=\count321
\c@Item=\count322
\c@Hfootnote=\count323
)
Package hyperref Info: Driver (autodetected): hxetex.
 (x:/texlive/2021/texmf-dist/tex/latex/hyperref/hxetex.def
File: hxetex.def 2021-02-27 v7.00k Hyperref driver for XeTeX
 (x:/texlive/2021/texmf-dist/tex/generic/stringenc/stringenc.sty
Package: stringenc 2019/11/29 v1.12 Convert strings between diff. encodings (HO)
)
\pdfm@box=\box56
\c@Hy@AnnotLevel=\count324
\HyField@AnnotCount=\count325
\Fld@listcount=\count326
\c@bookmark@seq@number=\count327
 (x:/texlive/2021/texmf-dist/tex/latex/rerunfilecheck/rerunfilecheck.sty
Package: rerunfilecheck 2019/12/05 v1.9 Rerun checks for auxiliary files (HO)
 (x:/texlive/2021/texmf-dist/tex/latex/base/atveryend-ltx.sty
Package: atveryend-ltx 2020/08/19 v1.0a Emulation of the original atvery package
with kernel methods
) (x:/texlive/2021/texmf-dist/tex/generic/uniquecounter/uniquecounter.sty
Package: uniquecounter 2019/12/15 v1.4 Provide unlimited unique counter (HO)
)
Package uniquecounter Info: New unique counter `rerunfilecheck' on input line 286.
)
\Hy@SectionHShift=\skip70
) (x:/texlive/2021/texmf-dist/tex/latex/bookmark/bkm-dvipdfm.def
File: bkm-dvipdfm.def 2020-11-06 v1.29 bookmark driver for dvipdfm (HO)
\BKM@id=\count328
)) (x:/texlive/2021/texmf-dist/tex/latex/placeins/placeins.sty
Package: placeins 2005/04/18  v 2.2
) (x:/texlive/2021/texmf-dist/tex/latex/float/float.sty
Package: float 2001/11/08 v1.3d Float enhancements (AL)
\c@float@type=\count329
\float@exts=\toks24
\float@box=\box57
\@float@everytoks=\toks25
\@floatcapt=\box58
) (x:/texlive/2021/texmf-dist/tex/latex/tabu/tabu.sty
Package: tabu 2019/01/11 v2.9 - flexible LaTeX tabulars (FC+tabu-fixed)
 (x:/texlive/2021/texmf-dist/tex/latex/tools/array.sty
Package: array 2020/10/01 v2.5c Tabular extension package (FMi)
\col@sep=\dimen278
\ar@mcellbox=\box59
\extrarowheight=\dimen279
\NC@list=\toks26
\extratabsurround=\skip71
\backup@length=\skip72
\ar@cellbox=\box60
) (x:/texlive/2021/texmf-dist/tex/latex/varwidth/varwidth.sty
Package: varwidth 2009/03/30 ver 0.92;  Variable-width minipages
\@vwid@box=\box61
\sift@deathcycles=\count330
\@vwid@loff=\dimen280
\@vwid@roff=\dimen281
)
\c@taburow=\count331
\tabu@nbcols=\count332
\tabu@cnt=\count333
\tabu@Xcol=\count334
\tabu@alloc=\count335
\tabu@nested=\count336
\tabu@target=\dimen282
\tabu@spreadtarget=\dimen283
\tabu@naturalX=\dimen284
\tabucolX=\dimen285
\tabu@Xsum=\dimen286
\extrarowdepth=\dimen287
\abovetabulinesep=\dimen288
\belowtabulinesep=\dimen289
\tabustrutrule=\dimen290
\tabu@thebody=\toks27
\tabu@footnotes=\toks28
\tabu@box=\box62
\tabu@arstrutbox=\box63
\tabu@hleads=\box64
\tabu@vleads=\box65
\tabu@cellskip=\skip73
) (x:/texlive/2021/texmf-dist/tex/generic/ulem/ulem.sty
\UL@box=\box66
\UL@hyphenbox=\box67
\UL@skip=\skip74
\UL@hook=\toks29
\UL@height=\dimen291
\UL@pe=\count337
\UL@pixel=\dimen292
\ULC@box=\box68
Package: ulem 2019/11/18
\ULdepth=\dimen293
) (x:/texlive/2021/texmf-dist/tex/xelatex/xecjk/xeCJKfntef.sty
Package: xeCJKfntef 2020/10/19 v3.8.6 xeCJK font effect
\l__xeCJK_space_skip=\skip75
\c__xeCJK_ulem-begin_node_dim=\dimen294
\l__xeCJK_hidden_box=\box69
\l__xeCJK_fntef_box=\box70
\l__xeCJK_under_symbol_box=\box71
\c__xeCJK_filll_skip=\skip76
) (x:/texlive/2021/texmf-dist/tex/latex/algorithm2e/algorithm2e.sty
Invalid UTF-8 byte or sequence at line 284 replaced by U+FFFD.
Invalid UTF-8 byte or sequence at line 299 replaced by U+FFFD.
Invalid UTF-8 byte or sequence at line 550 replaced by U+FFFD.
Package: algorithm2e 2017/07/18 v5.2 algorithms environments
\c@AlgoLine=\count338
 (x:/texlive/2021/texmf-dist/tex/latex/base/ifthen.sty
Package: ifthen 2014/09/29 v1.1c Standard LaTeX ifthen package (DPC)
)
\algocf@hangindent=\skip77
 (x:/texlive/2021/texmf-dist/tex/latex/ifoddpage/ifoddpage.sty
Package: ifoddpage 2016/04/23 v1.1 Conditionals for odd/even page detection
\c@checkoddpage=\count339
) (x:/texlive/2021/texmf-dist/tex/latex/tools/xspace.sty
Package: xspace 2014/10/28 v1.13 Space after command names (DPC,MH)
) (x:/texlive/2021/texmf-dist/tex/latex/relsize/relsize.sty
Package: relsize 2013/03/29 ver 4.1
)
\skiptotal=\skip78
\skiplinenumber=\skip79
\skiprule=\skip80
\skiphlne=\skip81
\skiptext=\skip82
\skiplength=\skip83
\algomargin=\skip84
\skipalgocfslide=\skip85
\algowidth=\dimen295
\inoutsize=\dimen296
\inoutindent=\dimen297
\interspacetitleruled=\dimen298
\interspacealgoruled=\dimen299
\interspacetitleboxruled=\dimen300
\algocf@ruledwidth=\skip86
\algocf@inoutbox=\box72
\algocf@inputbox=\box73
\AlCapSkip=\skip87
\AlCapHSkip=\skip88
\algoskipindent=\skip89
\algocf@nlbox=\box74
\algocf@hangingbox=\box75
\algocf@untilbox=\box76
\algocf@skipuntil=\skip90
\algocf@capbox=\box77
\algocf@lcaptionbox=\skip91
\algoheightruledefault=\skip92
\algoheightrule=\skip93
\algotitleheightruledefault=\skip94
\algotitleheightrule=\skip95
\c@algocfline=\count340
\c@algocfproc=\count341
\c@algocf=\count342
\algocf@algoframe=\box78
\algocf@algobox=\box79
) (x:/texlive/2021/texmf-dist/tex/latex/listings/listings.sty
\lst@mode=\count343
\lst@gtempboxa=\box80
\lst@token=\toks30
\lst@length=\count344
\lst@currlwidth=\dimen301
\lst@column=\count345
\lst@pos=\count346
\lst@lostspace=\dimen302
\lst@width=\dimen303
\lst@newlines=\count347
\lst@lineno=\count348
\lst@maxwidth=\dimen304
 (x:/texlive/2021/texmf-dist/tex/latex/listings/lstmisc.sty
File: lstmisc.sty 2020/03/24 1.8d (Carsten Heinz)
\c@lstnumber=\count349
\lst@skipnumbers=\count350
\lst@framebox=\box81
) (x:/texlive/2021/texmf-dist/tex/latex/listings/listings.cfg
File: listings.cfg 2020/03/24 1.8d listings configuration
))
Package: listings 2020/03/24 1.8d (Carsten Heinz)
 (x:/texlive/2021/texmf-dist/tex/xelatex/xecjk/xeCJK-listings.sty
Package: xeCJK-listings 2020/10/19 v3.8.6 xeCJK patch file for listings
\l__xeCJK_listings_max_char_int=\count351
\l__xeCJK_listings_flag_int=\count352
) (x:/texlive/2021/texmf-dist/tex/latex/titlesec/titlesec.sty
Package: titlesec 2019/10/16 v2.13 Sectioning titles
\ttl@box=\box82
\beforetitleunit=\skip96
\aftertitleunit=\skip97
\ttl@plus=\dimen305
\ttl@minus=\dimen306
\ttl@toksa=\toks31
\titlewidth=\dimen307
\titlewidthlast=\dimen308
\titlewidthfirst=\dimen309
) (x:/texlive/2021/texmf-dist/tex/latex/pgfplots/pgfplots.sty (x:/texlive/2021/texmf-dist/tex/generic/pgfplots/pgfplots.revision.tex)
Package: pgfplots 2020/02/29 v1.17 Data Visualization (1.17)
 (x:/texlive/2021/texmf-dist/tex/latex/pgf/frontendlayer/tikz.sty (x:/texlive/2021/texmf-dist/tex/latex/pgf/basiclayer/pgf.sty (x:/texlive/2021/texmf-dist/tex/latex/pgf/utilities/pgfrcs.sty (x:/texlive/2021/texmf-dist/tex/generic/pgf/utilities/pgfutil-common.tex
\pgfutil@everybye=\toks32
\pgfutil@tempdima=\dimen310
\pgfutil@tempdimb=\dimen311
 (x:/texlive/2021/texmf-dist/tex/generic/pgf/utilities/pgfutil-common-lists.tex)) (x:/texlive/2021/texmf-dist/tex/generic/pgf/utilities/pgfutil-latex.def
\pgfutil@abb=\box83
) (x:/texlive/2021/texmf-dist/tex/generic/pgf/utilities/pgfrcs.code.tex (x:/texlive/2021/texmf-dist/tex/generic/pgf/pgf.revision.tex)
Package: pgfrcs 2020/12/27 v3.1.8b (3.1.8b)
))
Package: pgf 2020/12/27 v3.1.8b (3.1.8b)
 (x:/texlive/2021/texmf-dist/tex/latex/pgf/basiclayer/pgfcore.sty (x:/texlive/2021/texmf-dist/tex/latex/pgf/systemlayer/pgfsys.sty (x:/texlive/2021/texmf-dist/tex/generic/pgf/systemlayer/pgfsys.code.tex
Package: pgfsys 2020/12/27 v3.1.8b (3.1.8b)
 (x:/texlive/2021/texmf-dist/tex/generic/pgf/utilities/pgfkeys.code.tex
\pgfkeys@pathtoks=\toks33
\pgfkeys@temptoks=\toks34
 (x:/texlive/2021/texmf-dist/tex/generic/pgf/utilities/pgfkeysfiltered.code.tex
\pgfkeys@tmptoks=\toks35
))
\pgf@x=\dimen312
\pgf@y=\dimen313
\pgf@xa=\dimen314
\pgf@ya=\dimen315
\pgf@xb=\dimen316
\pgf@yb=\dimen317
\pgf@xc=\dimen318
\pgf@yc=\dimen319
\pgf@xd=\dimen320
\pgf@yd=\dimen321
\w@pgf@writea=\write3
\r@pgf@reada=\read2
\c@pgf@counta=\count353
\c@pgf@countb=\count354
\c@pgf@countc=\count355
\c@pgf@countd=\count356
\t@pgf@toka=\toks36
\t@pgf@tokb=\toks37
\t@pgf@tokc=\toks38
\pgf@sys@id@count=\count357
 (x:/texlive/2021/texmf-dist/tex/generic/pgf/systemlayer/pgf.cfg
File: pgf.cfg 2020/12/27 v3.1.8b (3.1.8b)
)
Driver file for pgf: pgfsys-xetex.def
 (x:/texlive/2021/texmf-dist/tex/generic/pgf/systemlayer/pgfsys-xetex.def
File: pgfsys-xetex.def 2020/12/27 v3.1.8b (3.1.8b)
 (x:/texlive/2021/texmf-dist/tex/generic/pgf/systemlayer/pgfsys-dvipdfmx.def
File: pgfsys-dvipdfmx.def 2020/12/27 v3.1.8b (3.1.8b)
 (x:/texlive/2021/texmf-dist/tex/generic/pgf/systemlayer/pgfsys-common-pdf.def
File: pgfsys-common-pdf.def 2020/12/27 v3.1.8b (3.1.8b)
)
\pgfsys@objnum=\count358
))) (x:/texlive/2021/texmf-dist/tex/generic/pgf/systemlayer/pgfsyssoftpath.code.tex
File: pgfsyssoftpath.code.tex 2020/12/27 v3.1.8b (3.1.8b)
\pgfsyssoftpath@smallbuffer@items=\count359
\pgfsyssoftpath@bigbuffer@items=\count360
) (x:/texlive/2021/texmf-dist/tex/generic/pgf/systemlayer/pgfsysprotocol.code.tex
File: pgfsysprotocol.code.tex 2020/12/27 v3.1.8b (3.1.8b)
)) (x:/texlive/2021/texmf-dist/tex/latex/xcolor/xcolor.sty
Package: xcolor 2016/05/11 v2.12 LaTeX color extensions (UK)
 (x:/texlive/2021/texmf-dist/tex/latex/graphics-cfg/color.cfg
File: color.cfg 2016/01/02 v1.6 sample color configuration
)
Package xcolor Info: Driver file: xetex.def on input line 225.
Package xcolor Info: Model `cmy' substituted by `cmy0' on input line 1348.
Package xcolor Info: Model `RGB' extended on input line 1364.
Package xcolor Info: Model `HTML' substituted by `rgb' on input line 1366.
Package xcolor Info: Model `Hsb' substituted by `hsb' on input line 1367.
Package xcolor Info: Model `tHsb' substituted by `hsb' on input line 1368.
Package xcolor Info: Model `HSB' substituted by `hsb' on input line 1369.
Package xcolor Info: Model `Gray' substituted by `gray' on input line 1370.
Package xcolor Info: Model `wave' substituted by `hsb' on input line 1371.
) (x:/texlive/2021/texmf-dist/tex/generic/pgf/basiclayer/pgfcore.code.tex
Package: pgfcore 2020/12/27 v3.1.8b (3.1.8b)
 (x:/texlive/2021/texmf-dist/tex/generic/pgf/math/pgfmath.code.tex (x:/texlive/2021/texmf-dist/tex/generic/pgf/math/pgfmathcalc.code.tex (x:/texlive/2021/texmf-dist/tex/generic/pgf/math/pgfmathutil.code.tex) (x:/texlive/2021/texmf-dist/tex/generic/pgf/math/pgfmathparser.code.tex
\pgfmath@dimen=\dimen322
\pgfmath@count=\count361
\pgfmath@box=\box84
\pgfmath@toks=\toks39
\pgfmath@stack@operand=\toks40
\pgfmath@stack@operation=\toks41
) (x:/texlive/2021/texmf-dist/tex/generic/pgf/math/pgfmathfunctions.code.tex (x:/texlive/2021/texmf-dist/tex/generic/pgf/math/pgfmathfunctions.basic.code.tex) (x:/texlive/2021/texmf-dist/tex/generic/pgf/math/pgfmathfunctions.trigonometric.code.tex) (x:/texlive/2021/texmf-dist/tex/generic/pgf/math/pgfmathfunctions.random.code.tex) (x:/texlive/2021/texmf-dist/tex/generic/pgf/math/pgfmathfunctions.comparison.code.tex) (x:/texlive/2021/texmf-dist/tex/generic/pgf/math/pgfmathfunctions.base.code.tex) (x:/texlive/2021/texmf-dist/tex/generic/pgf/math/pgfmathfunctions.round.code.tex) (x:/texlive/2021/texmf-dist/tex/generic/pgf/math/pgfmathfunctions.misc.code.tex) (x:/texlive/2021/texmf-dist/tex/generic/pgf/math/pgfmathfunctions.integerarithmetics.code.tex))) (x:/texlive/2021/texmf-dist/tex/generic/pgf/math/pgfmathfloat.code.tex
\c@pgfmathroundto@lastzeros=\count362
)) (x:/texlive/2021/texmf-dist/tex/generic/pgf/math/pgfint.code.tex) (x:/texlive/2021/texmf-dist/tex/generic/pgf/basiclayer/pgfcorepoints.code.tex
File: pgfcorepoints.code.tex 2020/12/27 v3.1.8b (3.1.8b)
\pgf@picminx=\dimen323
\pgf@picmaxx=\dimen324
\pgf@picminy=\dimen325
\pgf@picmaxy=\dimen326
\pgf@pathminx=\dimen327
\pgf@pathmaxx=\dimen328
\pgf@pathminy=\dimen329
\pgf@pathmaxy=\dimen330
\pgf@xx=\dimen331
\pgf@xy=\dimen332
\pgf@yx=\dimen333
\pgf@yy=\dimen334
\pgf@zx=\dimen335
\pgf@zy=\dimen336
) (x:/texlive/2021/texmf-dist/tex/generic/pgf/basiclayer/pgfcorepathconstruct.code.tex
File: pgfcorepathconstruct.code.tex 2020/12/27 v3.1.8b (3.1.8b)
\pgf@path@lastx=\dimen337
\pgf@path@lasty=\dimen338
) (x:/texlive/2021/texmf-dist/tex/generic/pgf/basiclayer/pgfcorepathusage.code.tex
File: pgfcorepathusage.code.tex 2020/12/27 v3.1.8b (3.1.8b)
\pgf@shorten@end@additional=\dimen339
\pgf@shorten@start@additional=\dimen340
) (x:/texlive/2021/texmf-dist/tex/generic/pgf/basiclayer/pgfcorescopes.code.tex
File: pgfcorescopes.code.tex 2020/12/27 v3.1.8b (3.1.8b)
\pgfpic=\box85
\pgf@hbox=\box86
\pgf@layerbox@main=\box87
\pgf@picture@serial@count=\count363
) (x:/texlive/2021/texmf-dist/tex/generic/pgf/basiclayer/pgfcoregraphicstate.code.tex
File: pgfcoregraphicstate.code.tex 2020/12/27 v3.1.8b (3.1.8b)
\pgflinewidth=\dimen341
) (x:/texlive/2021/texmf-dist/tex/generic/pgf/basiclayer/pgfcoretransformations.code.tex
File: pgfcoretransformations.code.tex 2020/12/27 v3.1.8b (3.1.8b)
\pgf@pt@x=\dimen342
\pgf@pt@y=\dimen343
\pgf@pt@temp=\dimen344
) (x:/texlive/2021/texmf-dist/tex/generic/pgf/basiclayer/pgfcorequick.code.tex
File: pgfcorequick.code.tex 2020/12/27 v3.1.8b (3.1.8b)
) (x:/texlive/2021/texmf-dist/tex/generic/pgf/basiclayer/pgfcoreobjects.code.tex
File: pgfcoreobjects.code.tex 2020/12/27 v3.1.8b (3.1.8b)
) (x:/texlive/2021/texmf-dist/tex/generic/pgf/basiclayer/pgfcorepathprocessing.code.tex
File: pgfcorepathprocessing.code.tex 2020/12/27 v3.1.8b (3.1.8b)
) (x:/texlive/2021/texmf-dist/tex/generic/pgf/basiclayer/pgfcorearrows.code.tex
File: pgfcorearrows.code.tex 2020/12/27 v3.1.8b (3.1.8b)
\pgfarrowsep=\dimen345
) (x:/texlive/2021/texmf-dist/tex/generic/pgf/basiclayer/pgfcoreshade.code.tex
File: pgfcoreshade.code.tex 2020/12/27 v3.1.8b (3.1.8b)
\pgf@max=\dimen346
\pgf@sys@shading@range@num=\count364
\pgf@shadingcount=\count365
) (x:/texlive/2021/texmf-dist/tex/generic/pgf/basiclayer/pgfcoreimage.code.tex
File: pgfcoreimage.code.tex 2020/12/27 v3.1.8b (3.1.8b)
 (x:/texlive/2021/texmf-dist/tex/generic/pgf/basiclayer/pgfcoreexternal.code.tex
File: pgfcoreexternal.code.tex 2020/12/27 v3.1.8b (3.1.8b)
\pgfexternal@startupbox=\box88
)) (x:/texlive/2021/texmf-dist/tex/generic/pgf/basiclayer/pgfcorelayers.code.tex
File: pgfcorelayers.code.tex 2020/12/27 v3.1.8b (3.1.8b)
) (x:/texlive/2021/texmf-dist/tex/generic/pgf/basiclayer/pgfcoretransparency.code.tex
File: pgfcoretransparency.code.tex 2020/12/27 v3.1.8b (3.1.8b)
) (x:/texlive/2021/texmf-dist/tex/generic/pgf/basiclayer/pgfcorepatterns.code.tex
File: pgfcorepatterns.code.tex 2020/12/27 v3.1.8b (3.1.8b)
) (x:/texlive/2021/texmf-dist/tex/generic/pgf/basiclayer/pgfcorerdf.code.tex
File: pgfcorerdf.code.tex 2020/12/27 v3.1.8b (3.1.8b)
))) (x:/texlive/2021/texmf-dist/tex/generic/pgf/modules/pgfmoduleshapes.code.tex
File: pgfmoduleshapes.code.tex 2020/12/27 v3.1.8b (3.1.8b)
\pgfnodeparttextbox=\box89
) (x:/texlive/2021/texmf-dist/tex/generic/pgf/modules/pgfmoduleplot.code.tex
File: pgfmoduleplot.code.tex 2020/12/27 v3.1.8b (3.1.8b)
) (x:/texlive/2021/texmf-dist/tex/latex/pgf/compatibility/pgfcomp-version-0-65.sty
Package: pgfcomp-version-0-65 2020/12/27 v3.1.8b (3.1.8b)
\pgf@nodesepstart=\dimen347
\pgf@nodesepend=\dimen348
) (x:/texlive/2021/texmf-dist/tex/latex/pgf/compatibility/pgfcomp-version-1-18.sty
Package: pgfcomp-version-1-18 2020/12/27 v3.1.8b (3.1.8b)
)) (x:/texlive/2021/texmf-dist/tex/latex/pgf/utilities/pgffor.sty (x:/texlive/2021/texmf-dist/tex/latex/pgf/utilities/pgfkeys.sty (x:/texlive/2021/texmf-dist/tex/generic/pgf/utilities/pgfkeys.code.tex)) (x:/texlive/2021/texmf-dist/tex/latex/pgf/math/pgfmath.sty (x:/texlive/2021/texmf-dist/tex/generic/pgf/math/pgfmath.code.tex)) (x:/texlive/2021/texmf-dist/tex/generic/pgf/utilities/pgffor.code.tex
Package: pgffor 2020/12/27 v3.1.8b (3.1.8b)
 (x:/texlive/2021/texmf-dist/tex/generic/pgf/math/pgfmath.code.tex)
\pgffor@iter=\dimen349
\pgffor@skip=\dimen350
\pgffor@stack=\toks42
\pgffor@toks=\toks43
)) (x:/texlive/2021/texmf-dist/tex/generic/pgf/frontendlayer/tikz/tikz.code.tex
Package: tikz 2020/12/27 v3.1.8b (3.1.8b)
 (x:/texlive/2021/texmf-dist/tex/generic/pgf/libraries/pgflibraryplothandlers.code.tex
File: pgflibraryplothandlers.code.tex 2020/12/27 v3.1.8b (3.1.8b)
\pgf@plot@mark@count=\count366
\pgfplotmarksize=\dimen351
)
\tikz@lastx=\dimen352
\tikz@lasty=\dimen353
\tikz@lastxsaved=\dimen354
\tikz@lastysaved=\dimen355
\tikz@lastmovetox=\dimen356
\tikz@lastmovetoy=\dimen357
\tikzleveldistance=\dimen358
\tikzsiblingdistance=\dimen359
\tikz@figbox=\box90
\tikz@figbox@bg=\box91
\tikz@tempbox=\box92
\tikz@tempbox@bg=\box93
\tikztreelevel=\count367
\tikznumberofchildren=\count368
\tikznumberofcurrentchild=\count369
\tikz@fig@count=\count370
 (x:/texlive/2021/texmf-dist/tex/generic/pgf/modules/pgfmodulematrix.code.tex
File: pgfmodulematrix.code.tex 2020/12/27 v3.1.8b (3.1.8b)
\pgfmatrixcurrentrow=\count371
\pgfmatrixcurrentcolumn=\count372
\pgf@matrix@numberofcolumns=\count373
)
\tikz@expandcount=\count374
 (x:/texlive/2021/texmf-dist/tex/generic/pgf/frontendlayer/tikz/libraries/tikzlibrarytopaths.code.tex
File: tikzlibrarytopaths.code.tex 2020/12/27 v3.1.8b (3.1.8b)
))) (x:/texlive/2021/texmf-dist/tex/generic/pgfplots/pgfplots.code.tex (x:/texlive/2021/texmf-dist/tex/generic/pgfplots/pgfplotscore.code.tex
\t@pgfplots@toka=\toks44
\t@pgfplots@tokb=\toks45
\t@pgfplots@tokc=\toks46
\pgfplots@tmpa=\dimen360
\c@pgfplots@coordindex=\count375
\c@pgfplots@scanlineindex=\count376
 (x:/texlive/2021/texmf-dist/tex/generic/pgfplots/sys/pgfplotssysgeneric.code.tex))
(x:/texlive/2021/texmf-dist/tex/generic/pgfplots/libs/pgfplotslibrary.code.tex) (x:/texlive/2021/texmf-dist/tex/generic/pgfplots/oldpgfcompatib/pgfplotsoldpgfsupp_loader.code.tex (x:/texlive/2021/texmf-dist/tex/generic/pgf/libraries/pgflibraryfpu.code.tex)) (x:/texlive/2021/texmf-dist/tex/generic/pgfplots/util/pgfplotsutil.code.tex (x:/texlive/2021/texmf-dist/tex/generic/pgfplots/liststructure/pgfplotsliststructure.code.tex) (x:/texlive/2021/texmf-dist/tex/generic/pgfplots/liststructure/pgfplotsliststructureext.code.tex) (x:/texlive/2021/texmf-dist/tex/generic/pgfplots/liststructure/pgfplotsarray.code.tex
\c@pgfplotsarray@tmp=\count377
) (x:/texlive/2021/texmf-dist/tex/generic/pgfplots/liststructure/pgfplotsmatrix.code.tex) (x:/texlive/2021/texmf-dist/tex/generic/pgfplots/numtable/pgfplotstableshared.code.tex
\c@pgfplotstable@counta=\count378
\t@pgfplotstable@a=\toks47
) (x:/texlive/2021/texmf-dist/tex/generic/pgfplots/liststructure/pgfplotsdeque.code.tex) (x:/texlive/2021/texmf-dist/tex/generic/pgfplots/util/pgfplotsbinary.code.tex (x:/texlive/2021/texmf-dist/tex/generic/pgfplots/util/pgfplotsbinary.data.code.tex)) (x:/texlive/2021/texmf-dist/tex/generic/pgfplots/util/pgfplotsutil.verb.code.tex) (x:/texlive/2021/texmf-dist/tex/generic/pgfplots/libs/pgflibrarypgfplots.surfshading.code.tex
\c@pgfplotslibrarysurf@no=\count379
 (x:/texlive/2021/texmf-dist/tex/generic/pgfplots/sys/pgflibrarypgfplots.surfshading.pgfsys-xetex.def (x:/texlive/2021/texmf-dist/tex/generic/pgfplots/sys/pgflibrarypgfplots.surfshading.pgfsys-dvipdfmx.def
\c@pgfplotslibrarysurf@streamlen=\count380
)))) (x:/texlive/2021/texmf-dist/tex/generic/pgfplots/util/pgfplotscolormap.code.tex (x:/texlive/2021/texmf-dist/tex/generic/pgfplots/util/pgfplotscolor.code.tex)) (x:/texlive/2021/texmf-dist/tex/generic/pgfplots/pgfplotsstackedplots.code.tex) (x:/texlive/2021/texmf-dist/tex/generic/pgfplots/pgfplotsplothandlers.code.tex (x:/texlive/2021/texmf-dist/tex/generic/pgfplots/pgfplotsmeshplothandler.code.tex (x:/texlive/2021/texmf-dist/tex/generic/pgfplots/pgfplotsmeshplotimage.code.tex))) (x:/texlive/2021/texmf-dist/tex/generic/pgfplots/pgfplots.scaling.code.tex) (x:/texlive/2021/texmf-dist/tex/generic/pgfplots/pgfplotscoordprocessing.code.tex) (x:/texlive/2021/texmf-dist/tex/generic/pgfplots/pgfplots.errorbars.code.tex) (x:/texlive/2021/texmf-dist/tex/generic/pgfplots/pgfplots.markers.code.tex) (x:/texlive/2021/texmf-dist/tex/generic/pgfplots/pgfplotsticks.code.tex) (x:/texlive/2021/texmf-dist/tex/generic/pgfplots/pgfplots.paths.code.tex) (x:/texlive/2021/texmf-dist/tex/generic/pgf/frontendlayer/tikz/libraries/tikzlibrarydecorations.code.tex (x:/texlive/2021/texmf-dist/tex/generic/pgf/modules/pgfmoduledecorations.code.tex
\pgfdecoratedcompleteddistance=\dimen361
\pgfdecoratedremainingdistance=\dimen362
\pgfdecoratedinputsegmentcompleteddistance=\dimen363
\pgfdecoratedinputsegmentremainingdistance=\dimen364
\pgf@decorate@distancetomove=\dimen365
\pgf@decorate@repeatstate=\count381
\pgfdecorationsegmentamplitude=\dimen366
\pgfdecorationsegmentlength=\dimen367
)
\tikz@lib@dec@box=\box94
) (x:/texlive/2021/texmf-dist/tex/generic/pgf/frontendlayer/tikz/libraries/tikzlibrarydecorations.pathmorphing.code.tex (x:/texlive/2021/texmf-dist/tex/generic/pgf/libraries/decorations/pgflibrarydecorations.pathmorphing.code.tex)) (x:/texlive/2021/texmf-dist/tex/generic/pgf/frontendlayer/tikz/libraries/tikzlibrarydecorations.pathreplacing.code.tex (x:/texlive/2021/texmf-dist/tex/generic/pgf/libraries/decorations/pgflibrarydecorations.pathreplacing.code.tex))
\pgfplots@numplots=\count382
\pgfplots@xmin@reg=\dimen368
\pgfplots@xmax@reg=\dimen369
\pgfplots@ymin@reg=\dimen370
\pgfplots@ymax@reg=\dimen371
\pgfplots@zmin@reg=\dimen372
\pgfplots@zmax@reg=\dimen373
) (x:/texlive/2021/texmf-dist/tex/generic/pgf/frontendlayer/tikz/libraries/tikzlibraryplotmarks.code.tex
File: tikzlibraryplotmarks.code.tex 2020/12/27 v3.1.8b (3.1.8b)
 (x:/texlive/2021/texmf-dist/tex/generic/pgf/libraries/pgflibraryplotmarks.code.tex
File: pgflibraryplotmarks.code.tex 2020/12/27 v3.1.8b (3.1.8b)
))) (x:/texlive/2021/texmf-dist/tex/latex/pgfplots/pgfplotstable.sty (x:/texlive/2021/texmf-dist/tex/generic/pgfplots/pgfplots.revision.tex)
Package: pgfplotstable 2020/02/29 v1.17 Table typesetting and Pretty-printing (1.17)
 (x:/texlive/2021/texmf-dist/tex/generic/pgfplots/numtable/pgfplotstable.code.tex (x:/texlive/2021/texmf-dist/tex/generic/pgfplots/numtable/pgfplotstable.coltype.code.tex))) (x:/texlive/2021/texmf-dist/tex/latex/fancyhdr/fancyhdr.sty
Package: fancyhdr 2021/01/28 v4.0.1 Extensive control of page headers and footers
\f@nch@headwidth=\skip98
\f@nch@O@elh=\skip99
\f@nch@O@erh=\skip100
\f@nch@O@olh=\skip101
\f@nch@O@orh=\skip102
\f@nch@O@elf=\skip103
\f@nch@O@erf=\skip104
\f@nch@O@olf=\skip105
\f@nch@O@orf=\skip106
) (x:/texlive/2021/texmf-dist/tex/latex/titlesec/titletoc.sty
Package: titletoc 2019/10/16 v2.13 TOC entries
\ttl@leftsep=\dimen374
) (x:/texlive/2021/texmf-dist/tex/latex/hypernat/hypernat.sty
Invalid UTF-8 byte or sequence at line 22 replaced by U+FFFD.
Invalid UTF-8 byte or sequence at line 24 replaced by U+FFFD.
Package: hypernat 2001/07/09 v1.0b hyperref and natbib compatibility (jb)
) (x:/texlive/2021/texmf-dist/tex/latex/oberdiek/hypcap.sty
Package: hypcap 2016/05/16 v1.12 Adjusting the anchors of captions (HO)
) (x:/texlive/2021/texmf-dist/tex/latex/footmisc/footmisc.sty
Package: footmisc 2011/06/06 v5.5b a miscellany of footnote facilities
\FN@temptoken=\toks48
\footnotemargin=\dimen375
\c@pp@next@reset=\count383
\c@@fnserial=\count384
Package footmisc Info: Declaring symbol style bringhurst on input line 855.
Package footmisc Info: Declaring symbol style chicago on input line 863.
Package footmisc Info: Declaring symbol style wiley on input line 872.
Package footmisc Info: Declaring symbol style lamport-robust on input line 883.
Package footmisc Info: Declaring symbol style lamport* on input line 903.
Package footmisc Info: Declaring symbol style lamport*-robust on input line 924.
) (x:/texlive/2021/texmf-dist/tex/latex/jknapltx/mathrsfs.sty
Package: mathrsfs 1996/01/01 Math RSFS package v1.0 (jk)
\symrsfs=\mathgroup9
) (x:/texlive/2021/texmf-dist/tex/latex/setspace/setspace.sty
Package: setspace 2011/12/19 v6.7a set line spacing
) (x:/texlive/2021/texmf-dist/tex/latex/tagging/tagging.sty
Package: tagging 2019/09/09 v1.1.0.1
 (x:/texlive/2021/texmf-dist/tex/latex/etoolbox/etoolbox.sty
Package: etoolbox 2020/10/05 v2.5k e-TeX tools for LaTeX (JAW)
\etb@tempcnta=\count385
) (x:/texlive/2021/texmf-dist/tex/latex/tools/verbatim.sty
Package: verbatim 2020-07-07 v1.5u LaTeX2e package for verbatim enhancements
\every@verbatim=\toks49
\verbatim@line=\toks50
\verbatim@in@stream=\read3
)) (x:/texlive/2021/texmf-dist/tex/latex/biblatex/biblatex.sty
Package: biblatex 2020/12/31 v3.16 programmable bibliographies (PK/MW)
 (x:/texlive/2021/texmf-dist/tex/latex/logreq/logreq.sty
Package: logreq 2010/08/04 v1.0 xml request logger
\lrq@indent=\count386
 (x:/texlive/2021/texmf-dist/tex/latex/logreq/logreq.def
File: logreq.def 2010/08/04 v1.0 logreq spec v1.0
))
\c@tabx@nest=\count387
\c@listtotal=\count388
\c@listcount=\count389
\c@liststart=\count390
\c@liststop=\count391
\c@citecount=\count392
\c@citetotal=\count393
\c@multicitecount=\count394
\c@multicitetotal=\count395
\c@instcount=\count396
\c@maxnames=\count397
\c@minnames=\count398
\c@maxitems=\count399
\c@minitems=\count400
\c@citecounter=\count401
\c@maxcitecounter=\count402
\c@savedcitecounter=\count403
\c@uniquelist=\count404
\c@uniquename=\count405
\c@refsection=\count406
\c@refsegment=\count407
\c@maxextratitle=\count408
\c@maxextratitleyear=\count409
\c@maxextraname=\count410
\c@maxextradate=\count411
\c@maxextraalpha=\count412
\c@abbrvpenalty=\count413
\c@highnamepenalty=\count414
\c@lownamepenalty=\count415
\c@maxparens=\count416
\c@parenlevel=\count417
\blx@tempcnta=\count418
\blx@tempcntb=\count419
\blx@tempcntc=\count420
\blx@maxsection=\count421
\blx@maxsegment@0=\count422
\blx@notetype=\count423
\blx@parenlevel@text=\count424
\blx@parenlevel@foot=\count425
\blx@sectionciteorder@0=\count426
\blx@entrysetcounter=\count427
\blx@biblioinstance=\count428
\labelnumberwidth=\skip107
\labelalphawidth=\skip108
\biblabelsep=\skip109
\bibitemsep=\skip110
\bibnamesep=\skip111
\bibinitsep=\skip112
\bibparsep=\skip113
\bibhang=\skip114
\blx@bcfin=\read4
\blx@bcfout=\write4
\blx@langwohyphens=\language87
\c@mincomprange=\count429
\c@maxcomprange=\count430
\c@mincompwidth=\count431
Package biblatex Info: Trying to load biblatex default data model...
Package biblatex Info: ... file 'blx-dm.def' found.
 (x:/texlive/2021/texmf-dist/tex/latex/biblatex/blx-dm.def
File: blx-dm.def 2020/12/31 v3.16 biblatex localization (PK/MW)
)
Package biblatex Info: Trying to load biblatex style data model...
Package biblatex Info: ... file 'gb7714-2015.dbx' not found.
Package biblatex Info: Trying to load biblatex custom data model...
Package biblatex Info: ... file 'biblatex-dm.cfg' not found.
\c@afterword=\count432
\c@savedafterword=\count433
\c@annotator=\count434
\c@savedannotator=\count435
\c@author=\count436
\c@savedauthor=\count437
\c@bookauthor=\count438
\c@savedbookauthor=\count439
\c@commentator=\count440
\c@savedcommentator=\count441
\c@editor=\count442
\c@savededitor=\count443
\c@editora=\count444
\c@savededitora=\count445
\c@editorb=\count446
\c@savededitorb=\count447
\c@editorc=\count448
\c@savededitorc=\count449
\c@foreword=\count450
\c@savedforeword=\count451
\c@holder=\count452
\c@savedholder=\count453
\c@introduction=\count454
\c@savedintroduction=\count455
\c@namea=\count456
\c@savednamea=\count457
\c@nameb=\count458
\c@savednameb=\count459
\c@namec=\count460
\c@savednamec=\count461
\c@translator=\count462
\c@savedtranslator=\count463
\c@shortauthor=\count464
\c@savedshortauthor=\count465
\c@shorteditor=\count466
\c@savedshorteditor=\count467
\c@labelname=\count468
\c@savedlabelname=\count469
\c@institution=\count470
\c@savedinstitution=\count471
\c@lista=\count472
\c@savedlista=\count473
\c@listb=\count474
\c@savedlistb=\count475
\c@listc=\count476
\c@savedlistc=\count477
\c@listd=\count478
\c@savedlistd=\count479
\c@liste=\count480
\c@savedliste=\count481
\c@listf=\count482
\c@savedlistf=\count483
\c@location=\count484
\c@savedlocation=\count485
\c@organization=\count486
\c@savedorganization=\count487
\c@origlocation=\count488
\c@savedoriglocation=\count489
\c@origpublisher=\count490
\c@savedorigpublisher=\count491
\c@publisher=\count492
\c@savedpublisher=\count493
\c@language=\count494
\c@savedlanguage=\count495
\c@origlanguage=\count496
\c@savedoriglanguage=\count497
\c@pageref=\count498
\c@savedpageref=\count499
\shorthandwidth=\skip115
\shortjournalwidth=\skip116
\shortserieswidth=\skip117
\shorttitlewidth=\skip118
\shortauthorwidth=\skip119
\shorteditorwidth=\skip120
\locallabelnumberwidth=\skip121
\locallabelalphawidth=\skip122
\localshorthandwidth=\skip123
\localshortjournalwidth=\skip124
\localshortserieswidth=\skip125
\localshorttitlewidth=\skip126
\localshortauthorwidth=\skip127
\localshorteditorwidth=\skip128
Package biblatex Info: Trying to load enhanced support for Unicode engines...
Package biblatex Info: ... file 'blx-unicode.def' found.
 (x:/texlive/2021/texmf-dist/tex/latex/biblatex/blx-unicode.def)
Package biblatex Info: Trying to load compatibility code...
Package biblatex Info: ... file 'blx-compat.def' found.
 (x:/texlive/2021/texmf-dist/tex/latex/biblatex/blx-compat.def
File: blx-compat.def 2020/12/31 v3.16 biblatex compatibility (PK/MW)
)
Package biblatex Info: Trying to load generic definitions...
Package biblatex Info: ... file 'biblatex.def' found.
 (x:/texlive/2021/texmf-dist/tex/latex/biblatex/biblatex.def
File: biblatex.def 2020/12/31 v3.16 biblatex compatibility (PK/MW)
\c@textcitecount=\count500
\c@textcitetotal=\count501
\c@textcitemaxnames=\count502
\c@biburlbigbreakpenalty=\count503
\c@biburlbreakpenalty=\count504
\c@biburlnumpenalty=\count505
\c@biburlucpenalty=\count506
\c@biburllcpenalty=\count507
\biburlbigskip=\muskip19
\biburlnumskip=\muskip20
\biburlucskip=\muskip21
\biburllcskip=\muskip22
\c@smartand=\count508
)
Package biblatex Info: Trying to load bibliography style 'gb7714-2015'...
Package biblatex Info: ... file 'gb7714-2015.bbx' found.
 (x:/texlive/2021/texmf-dist/tex/latex/biblatex-gb7714-2015/gb7714-2015.bbx
File: gb7714-2015.bbx 2021/01/19 v1.0wbiblatex bibliography style
Package biblatex Info: Trying to load bibliography style 'numeric-comp'...
Package biblatex Info: ... file 'numeric-comp.bbx' found.
 (x:/texlive/2021/texmf-dist/tex/latex/biblatex/bbx/numeric-comp.bbx
File: numeric-comp.bbx 2020/12/31 v3.16 biblatex bibliography style (PK/MW)
Package biblatex Info: Trying to load bibliography style 'numeric'...
Package biblatex Info: ... file 'numeric.bbx' found.
 (x:/texlive/2021/texmf-dist/tex/latex/biblatex/bbx/numeric.bbx
File: numeric.bbx 2020/12/31 v3.16 biblatex bibliography style (PK/MW)
Package biblatex Info: Trying to load bibliography style 'standard'...
Package biblatex Info: ... file 'standard.bbx' found.
 (x:/texlive/2021/texmf-dist/tex/latex/biblatex/bbx/standard.bbx
File: standard.bbx 2020/12/31 v3.16 biblatex bibliography style (PK/MW)
\c@bbx:relatedcount=\count509
\c@bbx:relatedtotal=\count510
))) (x:/texlive/2021/texmf-dist/tex/generic/xstring/xstring.sty (x:/texlive/2021/texmf-dist/tex/generic/xstring/xstring.tex
\integerpart=\count511
Invalid UTF-8 byte or sequence at line 35 replaced by U+FFFD.
\decimalpart=\count512
Invalid UTF-8 byte or sequence at line 79 replaced by U+FFFD.
Invalid UTF-8 byte or sequence at line 79 replaced by U+FFFD.
Invalid UTF-8 byte or sequence at line 83 replaced by U+FFFD.
Invalid UTF-8 byte or sequence at line 86 replaced by U+FFFD.
Invalid UTF-8 byte or sequence at line 102 replaced by U+FFFD.
Invalid UTF-8 byte or sequence at line 114 replaced by U+FFFD.
Invalid UTF-8 byte or sequence at line 120 replaced by U+FFFD.
Invalid UTF-8 byte or sequence at line 125 replaced by U+FFFD.
Invalid UTF-8 byte or sequence at line 147 replaced by U+FFFD.
Invalid UTF-8 byte or sequence at line 147 replaced by U+FFFD.
Invalid UTF-8 byte or sequence at line 147 replaced by U+FFFD.
Invalid UTF-8 byte or sequence at line 182 replaced by U+FFFD.
Invalid UTF-8 byte or sequence at line 182 replaced by U+FFFD.
Invalid UTF-8 byte or sequence at line 182 replaced by U+FFFD.
Invalid UTF-8 byte or sequence at line 183 replaced by U+FFFD.
Invalid UTF-8 byte or sequence at line 184 replaced by U+FFFD.
Invalid UTF-8 byte or sequence at line 185 replaced by U+FFFD.
Invalid UTF-8 byte or sequence at line 185 replaced by U+FFFD.
Invalid UTF-8 byte or sequence at line 185 replaced by U+FFFD.
Invalid UTF-8 byte or sequence at line 189 replaced by U+FFFD.
Invalid UTF-8 byte or sequence at line 189 replaced by U+FFFD.
Invalid UTF-8 byte or sequence at line 190 replaced by U+FFFD.
Invalid UTF-8 byte or sequence at line 190 replaced by U+FFFD.
Invalid UTF-8 byte or sequence at line 193 replaced by U+FFFD.
Invalid UTF-8 byte or sequence at line 208 replaced by U+FFFD.
Invalid UTF-8 byte or sequence at line 208 replaced by U+FFFD.
Invalid UTF-8 byte or sequence at line 208 replaced by U+FFFD.
Invalid UTF-8 byte or sequence at line 208 replaced by U+FFFD.
Invalid UTF-8 byte or sequence at line 208 replaced by U+FFFD.
Invalid UTF-8 byte or sequence at line 208 replaced by U+FFFD.
Invalid UTF-8 byte or sequence at line 221 replaced by U+FFFD.
Invalid UTF-8 byte or sequence at line 221 replaced by U+FFFD.
Invalid UTF-8 byte or sequence at line 241 replaced by U+FFFD.
Invalid UTF-8 byte or sequence at line 241 replaced by U+FFFD.
Invalid UTF-8 byte or sequence at line 241 replaced by U+FFFD.
Invalid UTF-8 byte or sequence at line 241 replaced by U+FFFD.
Invalid UTF-8 byte or sequence at line 266 replaced by U+FFFD.
Invalid UTF-8 byte or sequence at line 284 replaced by U+FFFD.
Invalid UTF-8 byte or sequence at line 295 replaced by U+FFFD.
Invalid UTF-8 byte or sequence at line 300 replaced by U+FFFD.
Invalid UTF-8 byte or sequence at line 300 replaced by U+FFFD.
Invalid UTF-8 byte or sequence at line 301 replaced by U+FFFD.
Invalid UTF-8 byte or sequence at line 301 replaced by U+FFFD.
Invalid UTF-8 byte or sequence at line 301 replaced by U+FFFD.
Invalid UTF-8 byte or sequence at line 302 replaced by U+FFFD.
Invalid UTF-8 byte or sequence at line 303 replaced by U+FFFD.
Invalid UTF-8 byte or sequence at line 332 replaced by U+FFFD.
Invalid UTF-8 byte or sequence at line 332 replaced by U+FFFD.
Invalid UTF-8 byte or sequence at line 332 replaced by U+FFFD.
Invalid UTF-8 byte or sequence at line 332 replaced by U+FFFD.
Invalid UTF-8 byte or sequence at line 333 replaced by U+FFFD.
Invalid UTF-8 byte or sequence at line 334 replaced by U+FFFD.
Invalid UTF-8 byte or sequence at line 334 replaced by U+FFFD.
Invalid UTF-8 byte or sequence at line 334 replaced by U+FFFD.
Invalid UTF-8 byte or sequence at line 406 replaced by U+FFFD.
Invalid UTF-8 byte or sequence at line 406 replaced by U+FFFD.
Invalid UTF-8 byte or sequence at line 409 replaced by U+FFFD.
Invalid UTF-8 byte or sequence at line 410 replaced by U+FFFD.
Invalid UTF-8 byte or sequence at line 428 replaced by U+FFFD.
Invalid UTF-8 byte or sequence at line 434 replaced by U+FFFD.
Invalid UTF-8 byte or sequence at line 457 replaced by U+FFFD.
Invalid UTF-8 byte or sequence at line 457 replaced by U+FFFD.
Invalid UTF-8 byte or sequence at line 464 replaced by U+FFFD.
Invalid UTF-8 byte or sequence at line 464 replaced by U+FFFD.
Invalid UTF-8 byte or sequence at line 466 replaced by U+FFFD.
Invalid UTF-8 byte or sequence at line 466 replaced by U+FFFD.
Invalid UTF-8 byte or sequence at line 541 replaced by U+FFFD.
Invalid UTF-8 byte or sequence at line 541 replaced by U+FFFD.
Invalid UTF-8 byte or sequence at line 541 replaced by U+FFFD.
Invalid UTF-8 byte or sequence at line 586 replaced by U+FFFD.
Invalid UTF-8 byte or sequence at line 586 replaced by U+FFFD.
Invalid UTF-8 byte or sequence at line 588 replaced by U+FFFD.
Invalid UTF-8 byte or sequence at line 588 replaced by U+FFFD.
Invalid UTF-8 byte or sequence at line 595 replaced by U+FFFD.
Invalid UTF-8 byte or sequence at line 597 replaced by U+FFFD.
Invalid UTF-8 byte or sequence at line 599 replaced by U+FFFD.
Invalid UTF-8 byte or sequence at line 602 replaced by U+FFFD.
Invalid UTF-8 byte or sequence at line 605 replaced by U+FFFD.
Invalid UTF-8 byte or sequence at line 605 replaced by U+FFFD.
Invalid UTF-8 byte or sequence at line 610 replaced by U+FFFD.
Invalid UTF-8 byte or sequence at line 615 replaced by U+FFFD.
Invalid UTF-8 byte or sequence at line 632 replaced by U+FFFD.
Invalid UTF-8 byte or sequence at line 632 replaced by U+FFFD.
Invalid UTF-8 byte or sequence at line 633 replaced by U+FFFD.
Invalid UTF-8 byte or sequence at line 635 replaced by U+FFFD.
Invalid UTF-8 byte or sequence at line 637 replaced by U+FFFD.
Invalid UTF-8 byte or sequence at line 647 replaced by U+FFFD.
Invalid UTF-8 byte or sequence at line 653 replaced by U+FFFD.
Invalid UTF-8 byte or sequence at line 678 replaced by U+FFFD.
Invalid UTF-8 byte or sequence at line 700 replaced by U+FFFD.
Invalid UTF-8 byte or sequence at line 705 replaced by U+FFFD.
Invalid UTF-8 byte or sequence at line 715 replaced by U+FFFD.
Invalid UTF-8 byte or sequence at line 715 replaced by U+FFFD.
Invalid UTF-8 byte or sequence at line 715 replaced by U+FFFD.
Invalid UTF-8 byte or sequence at line 719 replaced by U+FFFD.
Invalid UTF-8 byte or sequence at line 732 replaced by U+FFFD.
Invalid UTF-8 byte or sequence at line 732 replaced by U+FFFD.
Invalid UTF-8 byte or sequence at line 741 replaced by U+FFFD.
Invalid UTF-8 byte or sequence at line 741 replaced by U+FFFD.
Invalid UTF-8 byte or sequence at line 742 replaced by U+FFFD.
Invalid UTF-8 byte or sequence at line 742 replaced by U+FFFD.
Invalid UTF-8 byte or sequence at line 762 replaced by U+FFFD.
Invalid UTF-8 byte or sequence at line 773 replaced by U+FFFD.
Invalid UTF-8 byte or sequence at line 773 replaced by U+FFFD.
Invalid UTF-8 byte or sequence at line 774 replaced by U+FFFD.
Invalid UTF-8 byte or sequence at line 774 replaced by U+FFFD.
Invalid UTF-8 byte or sequence at line 774 replaced by U+FFFD.
Invalid UTF-8 byte or sequence at line 797 replaced by U+FFFD.
Invalid UTF-8 byte or sequence at line 797 replaced by U+FFFD.
Invalid UTF-8 byte or sequence at line 810 replaced by U+FFFD.
Invalid UTF-8 byte or sequence at line 824 replaced by U+FFFD.
Invalid UTF-8 byte or sequence at line 824 replaced by U+FFFD.
Invalid UTF-8 byte or sequence at line 831 replaced by U+FFFD.
Invalid UTF-8 byte or sequence at line 838 replaced by U+FFFD.
Invalid UTF-8 byte or sequence at line 838 replaced by U+FFFD.
Invalid UTF-8 byte or sequence at line 846 replaced by U+FFFD.
Invalid UTF-8 byte or sequence at line 846 replaced by U+FFFD.
Invalid UTF-8 byte or sequence at line 861 replaced by U+FFFD.
Invalid UTF-8 byte or sequence at line 862 replaced by U+FFFD.
Invalid UTF-8 byte or sequence at line 864 replaced by U+FFFD.
Invalid UTF-8 byte or sequence at line 864 replaced by U+FFFD.
Invalid UTF-8 byte or sequence at line 908 replaced by U+FFFD.
Invalid UTF-8 byte or sequence at line 909 replaced by U+FFFD.
Invalid UTF-8 byte or sequence at line 909 replaced by U+FFFD.
Invalid UTF-8 byte or sequence at line 934 replaced by U+FFFD.
Invalid UTF-8 byte or sequence at line 934 replaced by U+FFFD.
Invalid UTF-8 byte or sequence at line 936 replaced by U+FFFD.
Invalid UTF-8 byte or sequence at line 936 replaced by U+FFFD.
Invalid UTF-8 byte or sequence at line 940 replaced by U+FFFD.
Invalid UTF-8 byte or sequence at line 940 replaced by U+FFFD.
Invalid UTF-8 byte or sequence at line 962 replaced by U+FFFD.
Invalid UTF-8 byte or sequence at line 962 replaced by U+FFFD.
Invalid UTF-8 byte or sequence at line 964 replaced by U+FFFD.
Invalid UTF-8 byte or sequence at line 965 replaced by U+FFFD.
Invalid UTF-8 byte or sequence at line 1006 replaced by U+FFFD.
)
Package: xstring 2019/02/06 v1.83 String manipulations (CT)
)
\footbibmargin=\skip129
\footbiblabelsep=\skip130
\c@gbnamefmtcase=\count513
\c@gbalignlabel=\count514
\c@gbcitelocalcase=\count515
\c@gbbiblocalcase=\count516
\c@lanordernum=\count517
\bibitemindent=\skip131
\biblabelextend=\skip132
Package biblatex Info: Delimiter 'finalnamedelim' in context '' already defined, overwriting.
)
Package biblatex Info: Trying to load citation style 'gb7714-2015'...
Package biblatex Info: ... file 'gb7714-2015.cbx' found.
 (x:/texlive/2021/texmf-dist/tex/latex/biblatex-gb7714-2015/gb7714-2015.cbx
File: gb7714-2015.cbx 2021/01/19 v1.0wbiblatex citation style
Package biblatex Info: Trying to load citation style 'numeric-comp'...
Package biblatex Info: ... file 'numeric-comp.cbx' found.
 (x:/texlive/2021/texmf-dist/tex/latex/biblatex/cbx/numeric-comp.cbx
File: numeric-comp.cbx 2020/12/31 v3.16 biblatex citation style (PK/MW)
\c@cbx@tempcnta=\count518
\c@cbx@tempcntb=\count519
\c@cbx@tempcntc=\count520
\c@cbx@tempcntd=\count521
Package biblatex Info: Redefining '\cite'.
Package biblatex Info: Redefining '\parencite'.
Package biblatex Info: Redefining '\footcite'.
Package biblatex Info: Redefining '\footcitetext'.
Package biblatex Info: Redefining '\smartcite'.
Package biblatex Info: Redefining '\supercite'.
Package biblatex Info: Redefining '\textcite'.
Package biblatex Info: Redefining '\textcites'.
Package biblatex Info: Redefining '\cites'.
Package biblatex Info: Redefining '\parencites'.
Package biblatex Info: Redefining '\smartcites'.
)
Package biblatex Info: Redefining '\cite'.
Package biblatex Info: Redefining '\parencite'.
Package biblatex Info: Redefining '\cbx@textcite'.
)
Package biblatex Info: Trying to load configuration file...
Package biblatex Info: ... file 'biblatex.cfg' found.
 (x:/texlive/2021/texmf-dist/tex/latex/biblatex/biblatex.cfg
File: biblatex.cfg 
)) (x:/texlive/2021/texmf-dist/tex/latex/makecell/makecell.sty
Package: makecell 2009/08/03 V0.1e Managing of Tab Column Heads and Cells
\rotheadsize=\dimen376
\c@nlinenum=\count522
\TeXr@lab=\toks51
) (x:/texlive/2021/texmf-dist/tex/latex/pdfpages/pdfpages.sty
Package: pdfpages 2021/03/06 v0.5t Insert pages of external PDF documents (AM)
 (x:/texlive/2021/texmf-dist/tex/latex/eso-pic/eso-pic.sty
Package: eso-pic 2020/10/14 v3.0a eso-pic (RN)
\ESO@tempdima=\dimen377
\ESO@tempdimb=\dimen378
)
\AM@pagewidth=\dimen379
\AM@pageheight=\dimen380
\AM@fboxrule=\dimen381
 (x:/texlive/2021/texmf-dist/tex/latex/pdfpages/ppxetex.def
File: ppxetex.def 2021/03/06 v0.5t Pdfpages driver for XeTeX (AM)
)
\pdfpages@includegraphics@status=\count523
\AM@pagebox=\box95
\AM@global@opts=\toks52
\AM@pagecnt=\count524
\AM@toc@title=\toks53
\c@AM@survey=\count525
\AM@templatesizebox=\box96
)

Package fontspec Info: Font family 'texgyretermes-regular.otf(0)' created for
(fontspec)             font 'texgyretermes-regular.otf' with options
(fontspec)             [Ligatures=TeX,BoldFont=template/fonts/texgyretermes-bold.otf,BoldItalicFont=template/fonts/texgyretermes-bolditalic.otf,ItalicFont=template/fonts/texgyretermes-italic.otf].
(fontspec)              
(fontspec)              This font family consists of the following NFSS
(fontspec)             series/shapes:
(fontspec)              
(fontspec)             - 'normal' (m/n) with NFSS spec.:
(fontspec)             <->"[texgyretermes-regular.otf]/OT:script=latn;language=dflt;mapping=tex-text;"
(fontspec)             - 'small caps'  (m/sc) with NFSS spec.:
(fontspec)             <->"[texgyretermes-regular.otf]/OT:script=latn;language=dflt;+smcp;mapping=tex-text;"
(fontspec)             - 'bold' (b/n) with NFSS spec.:
(fontspec)             <->"[template/fonts/texgyretermes-bold.otf]/OT:script=latn;language=dflt;mapping=tex-text;"
(fontspec)             - 'bold small caps'  (b/sc) with NFSS spec.:
(fontspec)             <->"[template/fonts/texgyretermes-bold.otf]/OT:script=latn;language=dflt;+smcp;mapping=tex-text;"
(fontspec)             - 'italic' (m/it) with NFSS spec.:
(fontspec)             <->"[template/fonts/texgyretermes-italic.otf]/OT:script=latn;language=dflt;mapping=tex-text;"
(fontspec)             - 'italic small caps'  (m/scit) with NFSS spec.:
(fontspec)             <->"[template/fonts/texgyretermes-italic.otf]/OT:script=latn;language=dflt;+smcp;mapping=tex-text;"
(fontspec)             - 'bold italic' (b/it) with NFSS spec.:
(fontspec)             <->"[template/fonts/texgyretermes-bolditalic.otf]/OT:script=latn;language=dflt;mapping=tex-text;"
(fontspec)             - 'bold italic small caps'  (b/scit) with NFSS spec.:
(fontspec)             <->"[template/fonts/texgyretermes-bolditalic.otf]/OT:script=latn;language=dflt;+smcp;mapping=tex-text;"


Package fontspec Info: Font family 'texgyreheros-regular.otf(0)' created for
(fontspec)             font 'texgyreheros-regular.otf' with options
(fontspec)             [Ligatures=TeX,BoldFont=template/fonts/texgyreheros-bold.otf,BoldItalicFont=template/fonts/texgyreheros-bolditalic.otf,ItalicFont=template/fonts/texgyreheros-italic.otf].
(fontspec)              
(fontspec)              This font family consists of the following NFSS
(fontspec)             series/shapes:
(fontspec)              
(fontspec)             - 'normal' (m/n) with NFSS spec.:
(fontspec)             <->"[texgyreheros-regular.otf]/OT:script=latn;language=dflt;mapping=tex-text;"
(fontspec)             - 'small caps'  (m/sc) with NFSS spec.:
(fontspec)             <->"[texgyreheros-regular.otf]/OT:script=latn;language=dflt;+smcp;mapping=tex-text;"
(fontspec)             - 'bold' (b/n) with NFSS spec.:
(fontspec)             <->"[template/fonts/texgyreheros-bold.otf]/OT:script=latn;language=dflt;mapping=tex-text;"
(fontspec)             - 'bold small caps'  (b/sc) with NFSS spec.:
(fontspec)             <->"[template/fonts/texgyreheros-bold.otf]/OT:script=latn;language=dflt;+smcp;mapping=tex-text;"
(fontspec)             - 'italic' (m/it) with NFSS spec.:
(fontspec)             <->"[template/fonts/texgyreheros-italic.otf]/OT:script=latn;language=dflt;mapping=tex-text;"
(fontspec)             - 'italic small caps'  (m/scit) with NFSS spec.:
(fontspec)             <->"[template/fonts/texgyreheros-italic.otf]/OT:script=latn;language=dflt;+smcp;mapping=tex-text;"
(fontspec)             - 'bold italic' (b/it) with NFSS spec.:
(fontspec)             <->"[template/fonts/texgyreheros-bolditalic.otf]/OT:script=latn;language=dflt;mapping=tex-text;"
(fontspec)             - 'bold italic small caps'  (b/scit) with NFSS spec.:
(fontspec)             <->"[template/fonts/texgyreheros-bolditalic.otf]/OT:script=latn;language=dflt;+smcp;mapping=tex-text;"


Package fontspec Info: Font family 'texgyrecursor-regular.otf(0)' created for
(fontspec)             font 'texgyrecursor-regular.otf' with options
(fontspec)             [WordSpace={1,0,0},HyphenChar=None,PunctuationSpace=WordSpace,BoldFont=template/fonts/texgyrecursor-bold.otf,BoldItalicFont=template/fonts/texgyrecursor-bolditalic.otf,ItalicFont=template/fonts/texgyrecursor-italic.otf,Ligatures=NoCommon].
(fontspec)              
(fontspec)              This font family consists of the following NFSS
(fontspec)             series/shapes:
(fontspec)              
(fontspec)             - 'normal' (m/n) with NFSS spec.:
(fontspec)             <->"[texgyrecursor-regular.otf]/OT:script=latn;language=dflt;-liga;"
(fontspec)             - 'small caps'  (m/sc) with NFSS spec.:
(fontspec)             <->"[texgyrecursor-regular.otf]/OT:script=latn;language=dflt;-liga;+smcp;"
(fontspec)             and font adjustment code:
(fontspec)             \fontdimen 2\font =1\fontdimen 2\font \fontdimen 3\font
(fontspec)             =0\fontdimen 3\font \fontdimen 4\font =0\fontdimen
(fontspec)             4\font \fontdimen 7\font =0\fontdimen 2\font
(fontspec)             \tex_hyphenchar:D \font =-1\scan_stop: 
(fontspec)             - 'bold' (b/n) with NFSS spec.:
(fontspec)             <->"[template/fonts/texgyrecursor-bold.otf]/OT:script=latn;language=dflt;-liga;"
(fontspec)             - 'bold small caps'  (b/sc) with NFSS spec.:
(fontspec)             <->"[template/fonts/texgyrecursor-bold.otf]/OT:script=latn;language=dflt;-liga;+smcp;"
(fontspec)             and font adjustment code:
(fontspec)             \fontdimen 2\font =1\fontdimen 2\font \fontdimen 3\font
(fontspec)             =0\fontdimen 3\font \fontdimen 4\font =0\fontdimen
(fontspec)             4\font \fontdimen 7\font =0\fontdimen 2\font
(fontspec)             \tex_hyphenchar:D \font =-1\scan_stop: 
(fontspec)             - 'italic' (m/it) with NFSS spec.:
(fontspec)             <->"[template/fonts/texgyrecursor-italic.otf]/OT:script=latn;language=dflt;-liga;"
(fontspec)             - 'italic small caps'  (m/scit) with NFSS spec.:
(fontspec)             <->"[template/fonts/texgyrecursor-italic.otf]/OT:script=latn;language=dflt;-liga;+smcp;"
(fontspec)             and font adjustment code:
(fontspec)             \fontdimen 2\font =1\fontdimen 2\font \fontdimen 3\font
(fontspec)             =0\fontdimen 3\font \fontdimen 4\font =0\fontdimen
(fontspec)             4\font \fontdimen 7\font =0\fontdimen 2\font
(fontspec)             \tex_hyphenchar:D \font =-1\scan_stop: 
(fontspec)             - 'bold italic' (b/it) with NFSS spec.:
(fontspec)             <->"[template/fonts/texgyrecursor-bolditalic.otf]/OT:script=latn;language=dflt;-liga;"
(fontspec)             - 'bold italic small caps'  (b/scit) with NFSS spec.:
(fontspec)             <->"[template/fonts/texgyrecursor-bolditalic.otf]/OT:script=latn;language=dflt;-liga;+smcp;"
(fontspec)             and font adjustment code:
(fontspec)             \fontdimen 2\font =1\fontdimen 2\font \fontdimen 3\font
(fontspec)             =0\fontdimen 3\font \fontdimen 4\font =0\fontdimen
(fontspec)             4\font \fontdimen 7\font =0\fontdimen 2\font
(fontspec)             \tex_hyphenchar:D \font =-1\scan_stop: 

Package hyperref Info: Option `unicode' set `true' on input line 264.
Package hyperref Info: Option `CJKbookmarks' set `true' on input line 264.
Package hyperref Info: Option `bookmarksnumbered' set `true' on input line 264.
Package hyperref Info: Option `bookmarksopen' set `true' on input line 264.
Package footmisc Info: Declaring symbol style circlednumber on input line 558.
)

Package xeCJK Warning: Undefined CJK default family `\CJKrmdefault' has been
(xeCJK)                replaced by `songti'.
(xeCJK)                
(xeCJK)                Try to use `\setCJKmainfont[...]{...}' to define it.


Package fontspec Info: Font family 'Adobe-Song-Std.otf(0)' created for font
(fontspec)             'Adobe-Song-Std.otf' with options
(fontspec)             [Script={CJK},Path={template/fonts/},AutoFakeBold={1.5},AutoFakeSlant={0.25}].
(fontspec)              
(fontspec)              This font family consists of the following NFSS
(fontspec)             series/shapes:
(fontspec)              
(fontspec)             - 'normal' (m/n) with NFSS spec.:
(fontspec)             <->"[template/fonts/Adobe-Song-Std.otf]/OT:script=hani;language=dflt;"
(fontspec)             - 'small caps'  (m/sc) with NFSS spec.: 
(fontspec)             - 'bold' (b/n) with NFSS spec.:
(fontspec)             <->"[template/fonts/Adobe-Song-Std.otf]/OT:script=hani;language=dflt;embolden=1.5;"
(fontspec)             - 'bold small caps'  (b/sc) with NFSS spec.: 
(fontspec)             - 'italic' (m/it) with NFSS spec.:
(fontspec)             <->"[template/fonts/Adobe-Song-Std.otf]/OT:script=hani;language=dflt;slant=0.25;"
(fontspec)             - 'italic small caps'  (m/scit) with NFSS spec.: 
(fontspec)             - 'bold italic' (b/it) with NFSS spec.:
(fontspec)             <->"[template/fonts/Adobe-Song-Std.otf]/OT:script=hani;language=dflt;embolden=1.5;slant=0.25;"
(fontspec)             - 'bold italic small caps'  (b/scit) with NFSS spec.: 

\@quotelevel=\count526
\@quotereset=\count527

LaTeX Warning: Unused global option(s):
    [twoside].

(build/demo.aux (build/contents/abstract_chinese.aux) (build/contents/abstract_english.aux) (build/contents/intro.aux) (build/contents/whyla.aux) (build/contents/elem.aux) (build/contents/sum.aux) (build/contents/thanks.aux) (build/contents/self.aux))
\openout1 = `demo.aux'.

LaTeX Font Info:    Checking defaults for OML/cmm/m/it on input line 29.
LaTeX Font Info:    ... okay on input line 29.
LaTeX Font Info:    Checking defaults for OMS/cmsy/m/n on input line 29.
LaTeX Font Info:    ... okay on input line 29.
LaTeX Font Info:    Checking defaults for OT1/cmr/m/n on input line 29.
LaTeX Font Info:    ... okay on input line 29.
LaTeX Font Info:    Checking defaults for T1/cmr/m/n on input line 29.
LaTeX Font Info:    ... okay on input line 29.
LaTeX Font Info:    Checking defaults for TS1/cmr/m/n on input line 29.
LaTeX Font Info:    ... okay on input line 29.
LaTeX Font Info:    Checking defaults for TU/lmr/m/n on input line 29.
LaTeX Font Info:    ... okay on input line 29.
LaTeX Font Info:    Checking defaults for OMX/cmex/m/n on input line 29.
LaTeX Font Info:    ... okay on input line 29.
LaTeX Font Info:    Checking defaults for U/cmr/m/n on input line 29.
LaTeX Font Info:    ... okay on input line 29.
LaTeX Font Info:    Checking defaults for PD1/pdf/m/n on input line 29.
LaTeX Font Info:    ... okay on input line 29.
LaTeX Font Info:    Checking defaults for PU/pdf/m/n on input line 29.
LaTeX Font Info:    ... okay on input line 29.
 ABD: EverySelectfont initializing macros
LaTeX Info: Redefining \selectfont on input line 29.

Package fontspec Info: Adjusting the maths setup (use [no-math] to avoid
(fontspec)             this).

\symlegacymaths=\mathgroup10
LaTeX Font Info:    Overwriting symbol font `legacymaths' in version `bold'
(Font)                  OT1/cmr/m/n --> OT1/cmr/bx/n on input line 29.
LaTeX Font Info:    Redeclaring math accent \acute on input line 29.
LaTeX Font Info:    Redeclaring math accent \grave on input line 29.
LaTeX Font Info:    Redeclaring math accent \ddot on input line 29.
LaTeX Font Info:    Redeclaring math accent \tilde on input line 29.
LaTeX Font Info:    Redeclaring math accent \bar on input line 29.
LaTeX Font Info:    Redeclaring math accent \breve on input line 29.
LaTeX Font Info:    Redeclaring math accent \check on input line 29.
LaTeX Font Info:    Redeclaring math accent \hat on input line 29.
LaTeX Font Info:    Redeclaring math accent \dot on input line 29.
LaTeX Font Info:    Redeclaring math accent \mathring on input line 29.
LaTeX Font Info:    Redeclaring math symbol \Gamma on input line 29.
LaTeX Font Info:    Redeclaring math symbol \Delta on input line 29.
LaTeX Font Info:    Redeclaring math symbol \Theta on input line 29.
LaTeX Font Info:    Redeclaring math symbol \Lambda on input line 29.
LaTeX Font Info:    Redeclaring math symbol \Xi on input line 29.
LaTeX Font Info:    Redeclaring math symbol \Pi on input line 29.
LaTeX Font Info:    Redeclaring math symbol \Sigma on input line 29.
LaTeX Font Info:    Redeclaring math symbol \Upsilon on input line 29.
LaTeX Font Info:    Redeclaring math symbol \Phi on input line 29.
LaTeX Font Info:    Redeclaring math symbol \Psi on input line 29.
LaTeX Font Info:    Redeclaring math symbol \Omega on input line 29.
LaTeX Font Info:    Redeclaring math symbol \mathdollar on input line 29.
LaTeX Font Info:    Redeclaring symbol font `operators' on input line 29.
LaTeX Font Info:    Encoding `OT1' has changed to `TU' for symbol font
(Font)              `operators' in the math version `normal' on input line 29.
LaTeX Font Info:    Overwriting symbol font `operators' in version `normal'
(Font)                  OT1/cmr/m/n --> TU/texgyretermes-regular.otf(0)/m/n on input line 29.
LaTeX Font Info:    Encoding `OT1' has changed to `TU' for symbol font
(Font)              `operators' in the math version `bold' on input line 29.
LaTeX Font Info:    Overwriting symbol font `operators' in version `bold'
(Font)                  OT1/cmr/bx/n --> TU/texgyretermes-regular.otf(0)/m/n on input line 29.
LaTeX Font Info:    Overwriting symbol font `operators' in version `normal'
(Font)                  TU/texgyretermes-regular.otf(0)/m/n --> TU/texgyretermes-regular.otf(0)/m/n on input line 29.
LaTeX Font Info:    Overwriting math alphabet `\mathit' in version `normal'
(Font)                  OT1/cmr/m/it --> TU/texgyretermes-regular.otf(0)/m/it on input line 29.
LaTeX Font Info:    Overwriting math alphabet `\mathbf' in version `normal'
(Font)                  OT1/cmr/bx/n --> TU/texgyretermes-regular.otf(0)/b/n on input line 29.
LaTeX Font Info:    Overwriting math alphabet `\mathsf' in version `normal'
(Font)                  OT1/cmss/m/n --> TU/texgyreheros-regular.otf(0)/m/n on input line 29.
LaTeX Font Info:    Overwriting math alphabet `\mathtt' in version `normal'
(Font)                  OT1/cmtt/m/n --> TU/texgyrecursor-regular.otf(0)/m/n on input line 29.
LaTeX Font Info:    Overwriting symbol font `operators' in version `bold'
(Font)                  TU/texgyretermes-regular.otf(0)/m/n --> TU/texgyretermes-regular.otf(0)/b/n on input line 29.
LaTeX Font Info:    Overwriting math alphabet `\mathit' in version `bold'
(Font)                  OT1/cmr/bx/it --> TU/texgyretermes-regular.otf(0)/b/it on input line 29.
LaTeX Font Info:    Overwriting math alphabet `\mathsf' in version `bold'
(Font)                  OT1/cmss/bx/n --> TU/texgyreheros-regular.otf(0)/b/n on input line 29.
LaTeX Font Info:    Overwriting math alphabet `\mathtt' in version `bold'
(Font)                  OT1/cmtt/m/n --> TU/texgyrecursor-regular.otf(0)/b/n on input line 29.

*geometry* driver: auto-detecting
*geometry* detected driver: xetex
*geometry* verbose mode - [ preamble ] result:
* driver: xetex
* paper: a4paper
* layout: <same size as paper>
* layoutoffset:(h,v)=(0.0pt,0.0pt)
* modes: twoside 
* h-part:(L,W,R)=(102.43008pt, 423.9459pt, 71.13188pt)
* v-part:(T,H,B)=(85.35826pt, 702.78308pt, 56.9055pt)
* \paperwidth=597.50787pt
* \paperheight=845.04684pt
* \textwidth=423.9459pt
* \textheight=702.78308pt
* \oddsidemargin=30.1601pt
* \evensidemargin=-1.1381pt
* \topmargin=-17.65155pt
* \headheight=12.82645pt
* \headsep=17.91338pt
* \topskip=12.0pt
* \footskip=25.48856pt
* \marginparwidth=38.0pt
* \marginparsep=7.0pt
* \columnsep=10.0pt
* \skip\footins=10.8pt plus 4.0pt minus 2.0pt
* \hoffset=0.0pt
* \voffset=0.0pt
* \mag=1000
* \@twocolumnfalse
* \@twosidetrue
* \@mparswitchtrue
* \@reversemarginfalse
* (1in=72.27pt=25.4mm, 1cm=28.453pt)

Package caption Info: Begin \AtBeginDocument code.
Package caption Info: float package is loaded.
Package caption Info: hyperref package is loaded.
Package caption Info: hypcap package is loaded.
Package caption Info: listings package is loaded.
Package caption Info: longtable package is loaded.
(x:/texlive/2021/texmf-dist/tex/latex/caption/ltcaption.sty
Package: ltcaption 2020/05/30 v1.4b longtable captions (AR)
)
Package caption Info: End \AtBeginDocument code.
Package hyperref Info: Link coloring OFF on input line 29.
 (x:/texlive/2021/texmf-dist/tex/latex/hyperref/nameref.sty
Package: nameref 2021-04-02 v2.47 Cross-referencing by name of section
 (x:/texlive/2021/texmf-dist/tex/latex/refcount/refcount.sty
Package: refcount 2019/12/15 v3.6 Data extraction from label references (HO)
) (x:/texlive/2021/texmf-dist/tex/generic/gettitlestring/gettitlestring.sty
Package: gettitlestring 2019/12/15 v1.6 Cleanup title references (HO)
)
\c@section@level=\count528
)
LaTeX Info: Redefining \ref on input line 29.
LaTeX Info: Redefining \pageref on input line 29.
LaTeX Info: Redefining \nameref on input line 29.
\c@lstlisting=\count529


Package pgfplots Warning: running in backwards compatibility mode (unsuitable tick labels; missing features). Consider writing \pgfplotsset{compat=1.17} into your preamble.
 on input line 29.

Package biblatex Info: Trying to load language 'english'...
Package biblatex Info: ... file 'english.lbx' found.
(x:/texlive/2021/texmf-dist/tex/latex/biblatex/lbx/english.lbx
File: english.lbx 2020/12/31 v3.16 biblatex localization (PK/MW)
)
Package biblatex Info: XeTeX detected.
(biblatex)             Assuming input encoding 'utf8'.
Package biblatex Info: Automatic encoding selection.
(biblatex)             Assuming data encoding 'utf8'.
Package biblatex Info: Document encoding is UTF8 ....
Package biblatex Info: ... and expl3
(biblatex)             2021-02-18 L3 programming layer (loader) 
(biblatex)             is new enough (at least 2020/04/06),
(biblatex)             setting 'casechanger=expl3'.
 (x:/texlive/2021/texmf-dist/tex/latex/biblatex/blx-case-expl3.sty
Package: blx-case-expl3 2020/12/31 v3.16 expl3 case changing code for biblatex
)
\openout4 = `demo.bcf'.

Package biblatex Info: Trying to load bibliographic data...
Package biblatex Info: ... file 'demo.bbl' found.
 (build/demo.bbl)
Package biblatex Info: Reference section=0 on input line 29.
Package biblatex Info: Reference segment=0 on input line 29.
 (x:/texlive/2021/texmf-dist/tex/latex/pdflscape/pdflscape.sty
Package: pdflscape 2019/12/05 v0.12 Display of landscape pages in PDF (HO)
 (x:/texlive/2021/texmf-dist/tex/latex/graphics/lscape.sty
Package: lscape 2020/05/28 v3.02 Landscape Pages (DPC)
)
Package pdflscape Info: Auto-detected driver: dvipdfm (xetex) on input line 98.
)
File: template/logo/HDUlogo.pdf Graphic file (type pdf)
<use template/logo/HDUlogo.pdf>
LaTeX Font Info:    Trying to load font information for U+msa on input line 32.
 (x:/texlive/2021/texmf-dist/tex/latex/amsfonts/umsa.fd
File: umsa.fd 2013/01/14 v3.01 AMS symbols A
)
LaTeX Font Info:    Trying to load font information for U+msb on input line 32.
 (x:/texlive/2021/texmf-dist/tex/latex/amsfonts/umsb.fd
File: umsb.fd 2013/01/14 v3.01 AMS symbols B
)
LaTeX Font Info:    Trying to load font information for U+rsfs on input line 32.
 (x:/texlive/2021/texmf-dist/tex/latex/jknapltx/ursfs.fd
File: ursfs.fd 1998/03/24 rsfs font definition file (jk)
)

Package fontspec Info: Font family 'Adobe-Kaiti-Std.otf(0)' created for font
(fontspec)             'Adobe-Kaiti-Std.otf' with options
(fontspec)             [Script={CJK},Path={template/fonts/},AutoFakeBold={1.5},AutoFakeSlant={0.25}].
(fontspec)              
(fontspec)              This font family consists of the following NFSS
(fontspec)             series/shapes:
(fontspec)              
(fontspec)             - 'normal' (m/n) with NFSS spec.:
(fontspec)             <->"[template/fonts/Adobe-Kaiti-Std.otf]/OT:script=hani;language=dflt;"
(fontspec)             - 'small caps'  (m/sc) with NFSS spec.: 
(fontspec)             - 'bold' (b/n) with NFSS spec.:
(fontspec)             <->"[template/fonts/Adobe-Kaiti-Std.otf]/OT:script=hani;language=dflt;embolden=1.5;"
(fontspec)             - 'bold small caps'  (b/sc) with NFSS spec.: 
(fontspec)             - 'italic' (m/it) with NFSS spec.:
(fontspec)             <->"[template/fonts/Adobe-Kaiti-Std.otf]/OT:script=hani;language=dflt;slant=0.25;"
(fontspec)             - 'italic small caps'  (m/scit) with NFSS spec.: 
(fontspec)             - 'bold italic' (b/it) with NFSS spec.:
(fontspec)             <->"[template/fonts/Adobe-Kaiti-Std.otf]/OT:script=hani;language=dflt;embolden=1.5;slant=0.25;"
(fontspec)             - 'bold italic small caps'  (b/scit) with NFSS spec.: 



LaTeX Font Warning: Font shape `U/rsfs/m/n' in size <18.06749> not available
(Font)              size <17.28> substituted on input line 32.


LaTeX Font Warning: Font shape `U/rsfs/m/n' in size <15.05624> not available
(Font)              size <14.4> substituted on input line 32.

[1


] [2

]

Package fontspec Info: Font family 'Adobe-Heiti-Std.otf(0)' created for font
(fontspec)             'Adobe-Heiti-Std.otf' with options
(fontspec)             [Script={CJK},Path={template/fonts/},AutoFakeBold={1.5},AutoFakeSlant={0.25}].
(fontspec)              
(fontspec)              This font family consists of the following NFSS
(fontspec)             series/shapes:
(fontspec)              
(fontspec)             - 'normal' (m/n) with NFSS spec.:
(fontspec)             <->"[template/fonts/Adobe-Heiti-Std.otf]/OT:script=hani;language=dflt;"
(fontspec)             - 'small caps'  (m/sc) with NFSS spec.: 
(fontspec)             - 'bold' (b/n) with NFSS spec.:
(fontspec)             <->"[template/fonts/Adobe-Heiti-Std.otf]/OT:script=hani;language=dflt;embolden=1.5;"
(fontspec)             - 'bold small caps'  (b/sc) with NFSS spec.: 
(fontspec)             - 'italic' (m/it) with NFSS spec.:
(fontspec)             <->"[template/fonts/Adobe-Heiti-Std.otf]/OT:script=hani;language=dflt;slant=0.25;"
(fontspec)             - 'italic small caps'  (m/scit) with NFSS spec.: 
(fontspec)             - 'bold italic' (b/it) with NFSS spec.:
(fontspec)             <->"[template/fonts/Adobe-Heiti-Std.otf]/OT:script=hani;language=dflt;embolden=1.5;slant=0.25;"
(fontspec)             - 'bold italic small caps'  (b/scit) with NFSS spec.: 



LaTeX Font Warning: Font shape `U/rsfs/m/n' in size <24.09> not available
(Font)              size <24.88> substituted on input line 32.

[3] [4

] [5] [6

]
Underfull \hbox (badness 10000) in paragraph at lines 32--32

 []


Underfull \hbox (badness 10000) in paragraph at lines 32--32

 []

[7] [8

]
\openout2 = `contents/abstract_chinese.aux'.

 (./contents/abstract_chinese.tex) [1


]
\openout2 = `contents/abstract_english.aux'.

 (./contents/abstract_english.tex [2




]) [3] [4


\FN@pp@footnotehinttrue 


] (build/demo.toc [5])
\tf@toc=\write5
\openout5 = `demo.toc'.

 [6] (build/demo.lof
Overfull \hbox (6.0225pt too wide) detected at line 11
 []\TU/texgyretermes-regular.otf(0)/m/n/12.045 4
 []


Overfull \hbox (6.0225pt too wide) detected at line 15
 []\TU/texgyretermes-regular.otf(0)/m/n/12.045 9
 []


Overfull \hbox (6.0225pt too wide) detected at line 17
 []\TU/texgyretermes-regular.otf(0)/m/n/12.045 9
 []


Overfull \hbox (12.045pt too wide) detected at line 19
 []\TU/texgyretermes-regular.otf(0)/m/n/12.045 15
 []


Overfull \hbox (12.045pt too wide) detected at line 23
 []\TU/texgyretermes-regular.otf(0)/m/n/12.045 18
 []

)
\tf@lof=\write6
\openout6 = `demo.lof'.

 [7


] [8

] (build/demo.lot
Overfull \hbox (6.0225pt too wide) detected at line 11
 []\TU/texgyretermes-regular.otf(0)/m/n/12.045 5
 []


Overfull \hbox (12.045pt too wide) detected at line 15
 []\TU/texgyretermes-regular.otf(0)/m/n/12.045 10
 []


Overfull \hbox (12.045pt too wide) detected at line 17
 []\TU/texgyretermes-regular.otf(0)/m/n/12.045 10
 []


Overfull \hbox (12.045pt too wide) detected at line 19
 []\TU/texgyretermes-regular.otf(0)/m/n/12.045 10
 []


Overfull \hbox (12.045pt too wide) detected at line 21
 []\TU/texgyretermes-regular.otf(0)/m/n/12.045 11
 []

)
\tf@lot=\write7
\openout7 = `demo.lot'.

 [9

] [10

]
\openout2 = `contents/intro.aux'.

 (./contents/intro.tex

) [1


]
\openout2 = `contents/whyla.aux'.

 (./contents/whyla.tex [2




]


LaTeX Font Warning: Font shape `U/rsfs/m/n' in size <16.06> not available
(Font)              size <17.28> substituted on input line 1.


LaTeX Font Warning: Font shape `U/rsfs/m/n' in size <10.53937> not available
(Font)              size <10.95> substituted on input line 1.


LaTeX Font Warning: Font shape `U/rsfs/m/n' in size <7.52812> not available
(Font)              size <8> substituted on input line 41.


Package xeCJK Warning: Unknown CJK family `\CJKttdefault' is being ignored.
(xeCJK)                
(xeCJK)                Try to use `\setCJKmonofont[...]{...}' to define it.

[3]
Missing character: There is no  (U+C5B8) in font [template/fonts/Adobe-Song-Std.otf]/OT:script=hani;language=dflt;!
Missing character: There is no  (U+BB38) in font [template/fonts/Adobe-Song-Std.otf]/OT:script=hani;language=dflt;!

Overfull \hbox (1.73619pt too wide) in paragraph at lines 91--101
[]\TU/Adobe-Song-Std.otf(0)/m/n/12.045                \TU/texgyrecursor-regular.otf(0)/m/n/12.045 main.tex\TU/Adobe-Song-Std.otf(0)/m/n/12.045 |  \TU/texgyrecursor-regular.otf(0)/m/n/12.045 \documentclass{...}
 []

[4]
File: ./figures//plus-1.jpeg Graphic file (type bmp)
<./figures//plus-1.jpeg>
 [5]) [6]
\openout2 = `contents/elem.aux'.

 (./contents/elem.tex

[7




] [8]
File: ./figures//xuejian.jpg Graphic file (type bmp)
<./figures//xuejian.jpg>
File: ./figures//wenhui.jpg Graphic file (type bmp)
<./figures//wenhui.jpg>
File: ./figures//lingsha.jpg Graphic file (type bmp)
<./figures//lingsha.jpg>

Overfull \hbox (12.71739pt too wide) in paragraph at lines 147--156
[]\TU/Adobe-Song-Std.otf(0)/m/n/12.045            |                     |[] \TU/texgyretermes-regular.otf(0)/m/n/12.045 3.2a[][]\TU/Adobe-Song-Std.otf(0)/m/n/12.045 |
 []

File: ./figures//vector.pdf Graphic file (type pdf)
<use ./figures//vector.pdf>
File: ./figures//raster.png Graphic file (type bmp)
<./figures//raster.png>
[9] [10]
Overfull \hbox (11.08638pt too wide) in paragraph at lines 200--214
[][]\TU/Adobe-Song-Std.otf(0)/m/n/12.045  \TU/texgyretermes-regular.otf(0)/m/n/12.045 3.2[][] \TU/Adobe-Song-Std.otf(0)/m/n/12.045  \TU/texgyretermes-regular.otf(0)/m/n/12.045 tabu to \TU/Adobe-Song-Std.otf(0)/m/n/12.045    \TU/texgyretermes-regular.otf(0)/m/n/12.045 x \TU/Adobe-Song-Std.otf(0)/m/n/12.045       |            \TU/texgyretermes-regular.otf(0)/m/n/12.045 X[1]X[2]X[2]\TU/Adobe-Song-Std.otf(0)/m/n/12.045 |
 []

[11] [12]
Overfull \hbox (34.2057pt too wide) in paragraph at lines 287--292
\TU/Adobe-Song-Std.otf(0)/m/n/12.045    \TU/texgyrecursor-regular.otf(0)/m/n/12.045 lstlisting \TU/Adobe-Song-Std.otf(0)/m/n/12.045      |               \TU/texgyrecursor-regular.otf(0)/m/n/12.045 zjuthesis.cls\TU/Adobe-Song-Std.otf(0)/m/n/12.045 |
 []

(x:/texlive/2021/texmf-dist/tex/latex/listings/lstlang1.sty
File: lstlang1.sty 2020/03/24 1.8d listings language file
) (x:/texlive/2021/texmf-dist/tex/latex/listings/lstlang1.sty
File: lstlang1.sty 2020/03/24 1.8d listings language file
) (x:/texlive/2021/texmf-dist/tex/latex/listings/lstmisc.sty
File: lstmisc.sty 2020/03/24 1.8d (Carsten Heinz)
)
Package hyperref Info: bookmark level for unknown lstlisting defaults to 0 on input line 298.

Overfull \hbox (16.90108pt too wide) in paragraph at lines 323--323
[]\TU/texgyrecursor-regular.otf(0)/m/n/12.045 Error: Command failed: /bin/sh -c rsync -arvq --exclude cache[] 
 []

[13] [14] [15]
File: ./figures//gscholar.png Graphic file (type bmp)
<./figures//gscholar.png>
 [16] [17]) [18]
\openout2 = `contents/sum.aux'.

 (./contents/sum.tex

File: ./figures//workflow.pdf Graphic file (type pdf)
<use ./figures//workflow.pdf>
[19




]
Overfull \hbox (42.173pt too wide) in paragraph at lines 56--57
[]\TU/texgyrecursor-regular.otf(0)/m/n/12.045 http://xiaoweiz.github.io/posts/2014/Aug/ST_skim_latexmk/ 
 []

) [20]
\openout2 = `contents/thanks.aux'.

 (./contents/thanks.tex

) [21




] [22


\FN@pp@footnotehinttrue 


]

Package xeCJK Warning: Unknown CJK family `\CJKrmdefault' is being ignored.
(xeCJK)                
(xeCJK)                Try to use `\setCJKmainfont[...]{...}' to define it.


Overfull \hbox (4.05687pt too wide) in paragraph at lines 56--56
[]\TU/texgyretermes-regular.otf(0)/m/n/12.045 Aczel P. On relating type theories and set theories[C]\TU/texgyrecursor-regular.otf(0)/m/n/12.045 //\TU/texgyretermes-regular.otf(0)/m/n/12.045 Altenkirch T, Naraschewski
 []


Package biblatex Warning: No driver for entry type 'masterthesis'.
(biblatex)                Using fallback driver on input line 56.


Package biblatex Warning: No driver for entry type 'webpage'.
(biblatex)                Using fallback driver on input line 56.

[23

] [24]
\openout2 = `contents/self.aux'.

 (./contents/self.tex
 A
) [25


] (build/demo.aux (build/contents/abstract_chinese.aux) (build/contents/abstract_english.aux) (build/contents/intro.aux) (build/contents/whyla.aux) (build/contents/elem.aux) (build/contents/sum.aux) (build/contents/thanks.aux) (build/contents/self.aux))

LaTeX Font Warning: Size substitutions with differences
(Font)              up to 1.22pt have occurred.


LaTeX Warning: Label(s) may have changed. Rerun to get cross-references right.

Package logreq Info: Writing requests to 'demo.run.xml'.
\openout1 = `demo.run.xml'.

 ) 
Here is how much of TeX's memory you used:
 52242 strings out of 476919
 1224883 string characters out of 5825424
 2263500 words of memory out of 5000000
 71234 multiletter control sequences out of 15000+600000
 437831 words of font info for 229 fonts, out of 8000000 for 9000
 1348 hyphenation exceptions out of 8191
 117i,16n,124p,1416b,4903s stack positions out of 5000i,500n,10000p,200000b,80000s

Output written on build/demo.pdf (43 pages).
